2025-05-05 21:12:21,697 [INFO] Activator:176 - 


2025-05-05 21:12:21,703 [INFO] Activator:177 - !SESSION log4j initialized
2025-05-05 21:12:27,146 [INFO] LogOutputStream:77 - [STDOUT_REDIRECT] 
2025-05-05 21:12:28,529 [ERROR] LogOutputStream:75 - [STDERR_REDIRECT] 
2025-05-05 21:12:31,027 [INFO] LogOutputStream:77 - [STDOUT_REDIRECT] 
2025-05-05 21:12:41,429 [INFO] ApplicationProperties:184 - Using Application install path: /Applications/STM32CubeIDE.app/Contents/Eclipse/plugins/com.st.stm32cube.common.mx_6.14.1.202504091515
2025-05-05 21:12:41,445 [INFO] DbMcusXml:78 - Set database path to: /Applications/STM32CubeIDE.app/Contents/Eclipse/plugins/com.st.stm32cube.common.mx_6.14.1.202504091515//db//mcu/
2025-05-05 21:12:41,445 [INFO] ApiDb:274 - Set plugin database path to: /Applications/STM32CubeIDE.app/Contents/Eclipse/plugins/com.st.stm32cube.common.mx_6.14.1.202504091515//db//plugins/boardmanager/
2025-05-05 21:12:41,446 [WARN] ApiDb:259 - Overriding images path with different value:  => /Applications/STM32CubeIDE.app/Contents/Eclipse/plugins/com.st.stm32cube.common.mx_6.14.1.202504091515//db//plugins/mcufinder/images/
2025-05-05 21:12:41,451 [INFO] ApiDb:250 - Set database path to: /Users/hmustf/.stmcufinder/plugins/mcufinder//mcu/
2025-05-05 21:12:41,452 [INFO] DbMcusAds:125 - Set database path to: /Users/hmustf/.stmcufinder/plugins/mcufinder//mcu/
2025-05-05 21:12:41,453 [INFO] CrossReferenceDbSqlite:203 - Set database path to: /Users/hmustf/.stmcufinder/plugins/mcufinder//mcu/cs/
2025-05-05 21:12:41,602 [INFO] RulesReader:64 - Compatibility file has been processed (302 Rules)
2025-05-05 21:12:41,694 [INFO] DbMcusXml:78 - Set database path to: /Applications/STM32CubeIDE.app/Contents/Eclipse/plugins/com.st.stm32cube.common.mx_6.14.1.202504091515//db//mcu/
2025-05-05 21:12:41,695 [INFO] ApiDb:274 - Set plugin database path to: /Applications/STM32CubeIDE.app/Contents/Eclipse/plugins/com.st.stm32cube.common.mx_6.14.1.202504091515//db//plugins/boardmanager/
2025-05-05 21:12:41,695 [INFO] ApiDb:261 - Set plugin images path to: /Applications/STM32CubeIDE.app/Contents/Eclipse/plugins/com.st.stm32cube.common.mx_6.14.1.202504091515//db//plugins/mcufinder/images/
2025-05-05 21:12:41,696 [WARN] DbFile:41 - Overriding database path with different value: /Users/hmustf/.stmcufinder/plugins/mcufinder/ => /Users/hmustf/.stmcufinder/plugins/mcufinder
2025-05-05 21:12:41,696 [INFO] ApiDb:250 - Set database path to: /Users/hmustf/.stmcufinder/plugins/mcufinder//mcu/
2025-05-05 21:12:41,696 [WARN] DbFile:41 - Overriding database path with different value: /Users/hmustf/.stmcufinder/plugins/mcufinder/ => /Users/hmustf/.stmcufinder/plugins/mcufinder
2025-05-05 21:12:41,696 [INFO] DbMcusAds:125 - Set database path to: /Users/hmustf/.stmcufinder/plugins/mcufinder//mcu/
2025-05-05 21:12:41,696 [WARN] DbFile:41 - Overriding database path with different value: /Users/hmustf/.stmcufinder/plugins/mcufinder/ => /Users/hmustf/.stmcufinder/plugins/mcufinder
2025-05-05 21:12:41,696 [WARN] DbFile:41 - Overriding database path with different value: /Users/hmustf/.stmcufinder/plugins/mcufinder/ => /Users/hmustf/.stmcufinder/plugins/mcufinder
2025-05-05 21:12:41,696 [INFO] CrossReferenceDbSqlite:203 - Set database path to: /Users/hmustf/.stmcufinder/plugins/mcufinder//mcu/cs/
2025-05-05 21:12:41,769 [INFO] MainPanel:272 - HeapMemory: 268435456
2025-05-05 21:12:42,463 [INFO] DbMcusXml:78 - Set database path to: /Applications/STM32CubeIDE.app/Contents/Eclipse/plugins/com.st.stm32cube.common.mx_6.14.1.202504091515//db//mcu/
2025-05-05 21:12:42,463 [INFO] ApiDb:274 - Set plugin database path to: /Applications/STM32CubeIDE.app/Contents/Eclipse/plugins/com.st.stm32cube.common.mx_6.14.1.202504091515//db//plugins/boardmanager/
2025-05-05 21:12:42,464 [INFO] ApiDb:261 - Set plugin images path to: /Applications/STM32CubeIDE.app/Contents/Eclipse/plugins/com.st.stm32cube.common.mx_6.14.1.202504091515//db//plugins/mcufinder/images/
2025-05-05 21:12:42,464 [WARN] DbFile:41 - Overriding database path with different value: /Users/hmustf/.stmcufinder/plugins/mcufinder/ => /Users/hmustf/.stmcufinder/plugins/mcufinder
2025-05-05 21:12:42,464 [INFO] ApiDb:250 - Set database path to: /Users/hmustf/.stmcufinder/plugins/mcufinder//mcu/
2025-05-05 21:12:42,464 [WARN] DbFile:41 - Overriding database path with different value: /Users/hmustf/.stmcufinder/plugins/mcufinder/ => /Users/hmustf/.stmcufinder/plugins/mcufinder
2025-05-05 21:12:42,464 [INFO] DbMcusAds:125 - Set database path to: /Users/hmustf/.stmcufinder/plugins/mcufinder//mcu/
2025-05-05 21:12:42,464 [WARN] DbFile:41 - Overriding database path with different value: /Users/hmustf/.stmcufinder/plugins/mcufinder/ => /Users/hmustf/.stmcufinder/plugins/mcufinder
2025-05-05 21:12:42,464 [WARN] DbFile:41 - Overriding database path with different value: /Users/hmustf/.stmcufinder/plugins/mcufinder/ => /Users/hmustf/.stmcufinder/plugins/mcufinder
2025-05-05 21:12:42,464 [INFO] CrossReferenceDbSqlite:203 - Set database path to: /Users/hmustf/.stmcufinder/plugins/mcufinder//mcu/cs/
2025-05-05 21:12:42,486 [INFO] ApplicationProperties:184 - Using Application install path: /Applications/STM32CubeIDE.app/Contents/Eclipse/plugins/com.st.stm32cube.common.mx_6.14.1.202504091515
2025-05-05 21:12:42,487 [INFO] PluginManage:196 - Search for loadable plugins [exclusion list=, ]
2025-05-05 21:12:42,489 [INFO] PluginManage:310 - Check plugin analytics
2025-05-05 21:12:42,780 [INFO] AnalyticsPlugin:253 - Accepted Software Licenses: 
2025-05-05 21:12:42,780 [INFO] AnalyticsPlugin:255 - Accepted CMSIS Pack Licenses: 
2025-05-05 21:12:42,780 [INFO] AnalyticsPlugin:257 - Accepted Firmware Licenses: 
2025-05-05 21:12:42,791 [INFO] PluginManage:359 - Loaded plugin analytics (category:tool,tabindex:-1)
2025-05-05 21:12:42,793 [INFO] PluginManage:310 - Check plugin cadmodel
2025-05-05 21:12:42,808 [INFO] CADModel:105 - Init CAD model plugin
2025-05-05 21:12:42,808 [INFO] PluginManage:359 - Loaded plugin cadmodel (category:power,tabindex:5)
2025-05-05 21:12:42,809 [INFO] PluginManage:310 - Check plugin clock
2025-05-05 21:12:42,821 [INFO] PluginManage:359 - Loaded plugin clock (category:base,tabindex:2)
2025-05-05 21:12:42,821 [INFO] PluginManage:310 - Check plugin ddr
2025-05-05 21:12:42,824 [INFO] PluginManage:359 - Loaded plugin ddr (category:tool,tabindex:6)
2025-05-05 21:12:42,824 [INFO] PluginManage:310 - Check plugin filemanager
2025-05-05 21:12:42,994 [INFO] PluginManage:359 - Loaded plugin filemanager (category:base,tabindex:10)
2025-05-05 21:12:42,994 [INFO] PluginManage:310 - Check plugin ipmanager
2025-05-05 21:12:43,001 [INFO] PluginManage:359 - Loaded plugin ipmanager (category:base,tabindex:5)
2025-05-05 21:12:43,001 [INFO] PluginManage:310 - Check plugin lpbam
2025-05-05 21:12:43,009 [INFO] PluginManage:359 - Loaded plugin lpbam (category:base,tabindex:0)
2025-05-05 21:12:43,009 [INFO] PluginManage:310 - Check plugin memorymap
2025-05-05 21:12:43,020 [INFO] PluginManage:359 - Loaded plugin memorymap (category:base,tabindex:4)
2025-05-05 21:12:43,020 [INFO] PluginManage:310 - Check plugin pinoutandconfiguration
2025-05-05 21:12:43,027 [INFO] PluginManage:359 - Loaded plugin pinoutandconfiguration (category:base,tabindex:1)
2025-05-05 21:12:43,027 [INFO] PluginManage:310 - Check plugin pinoutconfig
2025-05-05 21:12:43,126 [WARN] SupportedApi:132 - Cannot load RTOS API schema: s4s-elt-must-match.1: The content of 'definitions' must match (annotation?, (simpleType | complexType)?, (unique | key | keyref)*)). A problem was found starting at: attribute.
2025-05-05 21:12:43,285 [INFO] PluginManage:359 - Loaded plugin pinoutconfig (category:base,tabindex:0)
2025-05-05 21:12:43,285 [INFO] PluginManage:310 - Check plugin power
2025-05-05 21:12:43,302 [INFO] PluginManage:359 - Loaded plugin power (category:power,tabindex:4)
2025-05-05 21:12:43,303 [INFO] PluginManage:310 - Check plugin projectmanager
2025-05-05 21:12:43,335 [INFO] PluginManage:359 - Loaded plugin projectmanager (category:projectmanager,tabindex:4)
2025-05-05 21:12:43,336 [INFO] PluginManage:310 - Check plugin rif
2025-05-05 21:12:43,344 [INFO] PluginManage:359 - Loaded plugin rif (category:base,tabindex:3)
2025-05-05 21:12:43,345 [INFO] PluginManage:310 - Check plugin thirdparty
2025-05-05 21:12:43,496 [INFO] PluginManage:359 - Loaded plugin thirdparty (category:base,tabindex:-1)
2025-05-05 21:12:43,496 [WARN] IntegrityCheckThread:84 - waiting for thirdparty lock release [integrity check]
2025-05-05 21:12:43,497 [INFO] PluginManage:310 - Check plugin tools
2025-05-05 21:12:43,497 [INFO] IntegrityCheckThread:86 - entering critical section [integrity check]
2025-05-05 21:12:43,498 [INFO] ThirdPartyUpdaterWithRetryManager:70 - Updater plugin not ready yet. [1/15]
2025-05-05 21:12:43,499 [INFO] PluginManage:359 - Loaded plugin tools (category:base,tabindex:7)
2025-05-05 21:12:43,499 [INFO] PluginManage:310 - Check plugin tutovideos
2025-05-05 21:12:43,695 [INFO] PluginManage:359 - Loaded plugin tutovideos (category:base,tabindex:-1)
2025-05-05 21:12:43,696 [INFO] PluginManage:310 - Check plugin updater
2025-05-05 21:12:43,725 [INFO] PluginManage:359 - Loaded plugin updater (category:base,tabindex:12)
2025-05-05 21:12:43,725 [INFO] PluginManage:310 - Check plugin userauth
2025-05-05 21:12:43,730 [INFO] UserAuth:118 - Init User Auth plugin
2025-05-05 21:12:43,731 [INFO] PluginManage:359 - Loaded plugin userauth (category:base,tabindex:14)
2025-05-05 21:12:43,731 [INFO] PluginManage:283 - PluginManage : Loaded plugins [18]
2025-05-05 21:12:43,981 [INFO] PinOutPanel:1589 - setPackage(No Configuration,No Configuration)
2025-05-05 21:12:44,054 [INFO] CADModel:165 - CPN selected for project level
2025-05-05 21:12:44,054 [INFO] CADModel:114 - Register for checkConnection events
2025-05-05 21:12:44,065 [INFO] IPUIPlugin:80 - create IPUIPlugin
2025-05-05 21:12:44,065 [INFO] PluginManager:220 - loadIPPluginJar : add mdma
2025-05-05 21:12:44,072 [INFO] IPUIPlugin:80 - create IPUIPlugin
2025-05-05 21:12:44,072 [INFO] PluginManager:220 - loadIPPluginJar : add freertos
2025-05-05 21:12:44,077 [INFO] IPUIPlugin:80 - create IPUIPlugin
2025-05-05 21:12:44,077 [INFO] PluginManager:220 - loadIPPluginJar : add gic
2025-05-05 21:12:44,085 [INFO] IPUIPlugin:80 - create IPUIPlugin
2025-05-05 21:12:44,086 [INFO] PluginManager:220 - loadIPPluginJar : add adc
2025-05-05 21:12:44,087 [INFO] IPUIPlugin:80 - create IPUIPlugin
2025-05-05 21:12:44,088 [INFO] PluginManager:220 - loadIPPluginJar : add gtzc
2025-05-05 21:12:44,088 [INFO] IPUIPlugin:80 - create IPUIPlugin
2025-05-05 21:12:44,088 [INFO] PluginManager:220 - loadIPPluginJar : add quadspi
2025-05-05 21:12:44,090 [INFO] IPUIPlugin:80 - create IPUIPlugin
2025-05-05 21:12:44,090 [INFO] PluginManager:220 - loadIPPluginJar : add aes
2025-05-05 21:12:44,092 [INFO] IPUIPlugin:80 - create IPUIPlugin
2025-05-05 21:12:44,092 [INFO] PluginManager:220 - loadIPPluginJar : add pdm2pcm
2025-05-05 21:12:44,093 [INFO] IPUIPlugin:80 - create IPUIPlugin
2025-05-05 21:12:44,093 [INFO] PluginManager:220 - loadIPPluginJar : add hash
2025-05-05 21:12:44,094 [INFO] IPUIPlugin:80 - create IPUIPlugin
2025-05-05 21:12:44,094 [INFO] PluginManager:220 - loadIPPluginJar : add tim
2025-05-05 21:12:44,095 [INFO] IPUIPlugin:80 - create IPUIPlugin
2025-05-05 21:12:44,095 [INFO] PluginManager:220 - loadIPPluginJar : add tsc
2025-05-05 21:12:44,097 [INFO] IPUIPlugin:80 - create IPUIPlugin
2025-05-05 21:12:44,098 [INFO] PluginManager:220 - loadIPPluginJar : add extmemmanager
2025-05-05 21:12:44,100 [INFO] IPUIPlugin:80 - create IPUIPlugin
2025-05-05 21:12:44,100 [INFO] PluginManager:220 - loadIPPluginJar : add ts
2025-05-05 21:12:44,101 [INFO] IPUIPlugin:80 - create IPUIPlugin
2025-05-05 21:12:44,101 [INFO] PluginManager:220 - loadIPPluginJar : add radio
2025-05-05 21:12:44,103 [INFO] IPUIPlugin:80 - create IPUIPlugin
2025-05-05 21:12:44,103 [INFO] PluginManager:220 - loadIPPluginJar : add can
2025-05-05 21:12:44,105 [INFO] IPUIPlugin:80 - create IPUIPlugin
2025-05-05 21:12:44,105 [INFO] PluginManager:220 - loadIPPluginJar : add dma3
2025-05-05 21:12:44,106 [INFO] IPUIPlugin:80 - create IPUIPlugin
2025-05-05 21:12:44,106 [INFO] PluginManager:220 - loadIPPluginJar : add dfsdm
2025-05-05 21:12:44,107 [INFO] IPUIPlugin:80 - create IPUIPlugin
2025-05-05 21:12:44,107 [INFO] PluginManager:220 - loadIPPluginJar : add spi
2025-05-05 21:12:44,108 [INFO] IPUIPlugin:80 - create IPUIPlugin
2025-05-05 21:12:44,109 [INFO] PluginManager:220 - loadIPPluginJar : add gfxmmu
2025-05-05 21:12:44,110 [INFO] IPUIPlugin:80 - create IPUIPlugin
2025-05-05 21:12:44,111 [INFO] PluginManager:220 - loadIPPluginJar : add genericplugin
2025-05-05 21:12:44,112 [INFO] IPUIPlugin:80 - create IPUIPlugin
2025-05-05 21:12:44,112 [INFO] PluginManager:220 - loadIPPluginJar : add cryp
2025-05-05 21:12:44,116 [INFO] IPUIPlugin:80 - create IPUIPlugin
2025-05-05 21:12:44,116 [INFO] PluginManager:220 - loadIPPluginJar : add gpio
2025-05-05 21:12:44,118 [INFO] IPUIPlugin:80 - create IPUIPlugin
2025-05-05 21:12:44,119 [INFO] PluginManager:220 - loadIPPluginJar : add ddr_ctrl_phy
2025-05-05 21:12:44,120 [INFO] IPUIPlugin:80 - create IPUIPlugin
2025-05-05 21:12:44,121 [INFO] PluginManager:220 - loadIPPluginJar : add comp
2025-05-05 21:12:44,123 [INFO] IPUIPlugin:80 - create IPUIPlugin
2025-05-05 21:12:44,124 [INFO] PluginManager:220 - loadIPPluginJar : add tracer_emb
2025-05-05 21:12:44,126 [INFO] IPUIPlugin:80 - create IPUIPlugin
2025-05-05 21:12:44,126 [INFO] PluginManager:220 - loadIPPluginJar : add openamp
2025-05-05 21:12:44,130 [INFO] IPUIPlugin:80 - create IPUIPlugin
2025-05-05 21:12:44,131 [INFO] PluginManager:220 - loadIPPluginJar : add stm32_wpan
2025-05-05 21:12:44,134 [INFO] IPUIPlugin:80 - create IPUIPlugin
2025-05-05 21:12:44,137 [INFO] PluginManager:220 - loadIPPluginJar : add plateformsettings
2025-05-05 21:12:44,139 [INFO] IPUIPlugin:80 - create IPUIPlugin
2025-05-05 21:12:44,139 [INFO] PluginManager:220 - loadIPPluginJar : add ipddr
2025-05-05 21:12:44,140 [INFO] IPUIPlugin:80 - create IPUIPlugin
2025-05-05 21:12:44,141 [INFO] PluginManager:220 - loadIPPluginJar : add usart
2025-05-05 21:12:44,141 [INFO] IPUIPlugin:80 - create IPUIPlugin
2025-05-05 21:12:44,141 [INFO] PluginManager:220 - loadIPPluginJar : add ltdc
2025-05-05 21:12:44,144 [INFO] IPUIPlugin:80 - create IPUIPlugin
2025-05-05 21:12:44,144 [INFO] PluginManager:220 - loadIPPluginJar : add nvic
2025-05-05 21:12:44,145 [INFO] IPUIPlugin:80 - create IPUIPlugin
2025-05-05 21:12:44,145 [INFO] PluginManager:220 - loadIPPluginJar : add fatfs
2025-05-05 21:12:44,150 [INFO] IPUIPlugin:80 - create IPUIPlugin
2025-05-05 21:12:44,150 [INFO] PluginManager:220 - loadIPPluginJar : add linkedlist
2025-05-05 21:12:44,155 [INFO] IPUIPlugin:80 - create IPUIPlugin
2025-05-05 21:12:44,155 [INFO] PluginManager:220 - loadIPPluginJar : add dma
2025-05-05 21:12:44,158 [INFO] IPUIPlugin:80 - create IPUIPlugin
2025-05-05 21:12:44,158 [INFO] PluginManager:220 - loadIPPluginJar : add fmc
2025-05-05 21:12:44,159 [INFO] IPUIPlugin:80 - create IPUIPlugin
2025-05-05 21:12:44,159 [INFO] PluginManager:220 - loadIPPluginJar : add i2s
2025-05-05 21:12:44,160 [INFO] IPUIPlugin:80 - create IPUIPlugin
2025-05-05 21:12:44,160 [INFO] PluginManager:220 - loadIPPluginJar : add ucpd
2025-05-05 21:12:44,163 [INFO] IPUIPlugin:80 - create IPUIPlugin
2025-05-05 21:12:44,163 [INFO] PluginManager:220 - loadIPPluginJar : add lorawan
2025-05-05 21:12:44,166 [INFO] IPUIPlugin:80 - create IPUIPlugin
2025-05-05 21:12:44,166 [INFO] PluginManager:220 - loadIPPluginJar : add opamp
2025-05-05 21:12:44,168 [INFO] IPUIPlugin:80 - create IPUIPlugin
2025-05-05 21:12:44,168 [INFO] PluginManager:220 - loadIPPluginJar : add i3c
2025-05-05 21:12:44,170 [INFO] IPUIPlugin:80 - create IPUIPlugin
2025-05-05 21:12:44,170 [INFO] PluginManager:220 - loadIPPluginJar : add touchsensing
2025-05-05 21:12:44,173 [INFO] IPUIPlugin:80 - create IPUIPlugin
2025-05-05 21:12:44,173 [INFO] PluginManager:220 - loadIPPluginJar : add i2c
2025-05-05 21:12:44,176 [INFO] IPUIPlugin:80 - create IPUIPlugin
2025-05-05 21:12:44,176 [INFO] PluginManager:220 - loadIPPluginJar : add resmgrutility
2025-05-05 21:12:44,178 [INFO] IPUIPlugin:80 - create IPUIPlugin
2025-05-05 21:12:44,178 [INFO] PluginManager:220 - loadIPPluginJar : add sai
2025-05-05 21:12:44,180 [INFO] IPUIPlugin:80 - create IPUIPlugin
2025-05-05 21:12:44,180 [INFO] PluginManager:220 - loadIPPluginJar : add usbx
2025-05-05 21:12:44,295 [FATAL] Updater:351 - Updater called before beeing initialized
2025-05-05 21:12:44,341 [INFO] RulesReader:64 - Compatibility file has been processed (302 Rules)
2025-05-05 21:12:44,355 [INFO] RulesReader:64 - Compatibility file has been processed (302 Rules)
2025-05-05 21:12:44,373 [INFO] CADModel:165 - CPN selected for project level
2025-05-05 21:12:44,373 [INFO] CADModel:114 - Register for checkConnection events
2025-05-05 21:12:44,373 [FATAL] Updater:351 - Updater called before beeing initialized
2025-05-05 21:12:44,373 [ERROR] CADModel:125 - Updater not yet initialized, retry later 
2025-05-05 21:12:44,648 [FATAL] Updater:351 - Updater called before beeing initialized
2025-05-05 21:12:44,650 [INFO] CADModel:165 - CPN selected for project level
2025-05-05 21:12:44,650 [INFO] CADModel:114 - Register for checkConnection events
2025-05-05 21:12:44,650 [FATAL] Updater:351 - Updater called before beeing initialized
2025-05-05 21:12:44,650 [ERROR] CADModel:125 - Updater not yet initialized, retry later 
2025-05-05 21:12:44,655 [FATAL] Updater:351 - Updater called before beeing initialized
2025-05-05 21:12:44,815 [FATAL] Updater:351 - Updater called before beeing initialized
2025-05-05 21:12:44,820 [INFO] DbMcusAds:53 - JSON generation date=Thu Mar 06 17:54:22 TRT 2025 (1741272862204)
2025-05-05 21:12:44,820 [FATAL] Updater:351 - Updater called before beeing initialized
2025-05-05 21:12:44,884 [WARN] DetailPanel:346 - Failed to get advertising image, set to default
2025-05-05 21:12:45,151 [FATAL] Updater:351 - Updater called before beeing initialized
2025-05-05 21:12:45,162 [FATAL] Updater:351 - Updater called before beeing initialized
2025-05-05 21:12:45,163 [FATAL] Updater:351 - Updater called before beeing initialized
2025-05-05 21:12:45,164 [WARN] DetailPanel:346 - Failed to get advertising image, set to default
2025-05-05 21:12:45,174 [FATAL] Updater:351 - Updater called before beeing initialized
2025-05-05 21:12:45,254 [ERROR] Updater:1198 - MainUpdater not yet initialized. External WinMGr cannot be set.
2025-05-05 21:12:45,259 [INFO] Updater:1134 - Updater Version found : 6.14.1
2025-05-05 21:12:45,277 [INFO] ApplicationProperties:184 - Using Application install path: /Applications/STM32CubeIDE.app/Contents/Eclipse/plugins/com.st.stm32cube.common.mx_6.14.1.202504091515
2025-05-05 21:12:45,790 [INFO] MainUpdater:2872 - connection check result : 10
2025-05-05 21:12:45,791 [INFO] MainUpdater:289 - Updater Check For Update Now.
2025-05-05 21:12:45,791 [INFO] MicroXplorer:498 - Change Database Version : DB.6.0.141
2025-05-05 21:12:45,800 [INFO] McuFinderGlobals:63 - Set McuFinder mode to 2 (CubeIDE integrated)
2025-05-05 21:12:45,801 [INFO] UserAuth:171 - activating auth plugin
2025-05-05 21:12:45,811 [INFO] UserAuth:484 - Internet connection configuration mode: 1
2025-05-05 21:12:45,825 [INFO] JxBrowserEngine:152 - Initiate JxBrowser Engine with user profile folder
2025-05-05 21:12:46,056 [INFO] CheckServerUpdateThread:120 - End of CheckServer Thread
2025-05-05 21:12:46,717 [WARN] PackLoader:240 - Cannot read IP mode file for STMicroelectronics.FP-SNS-MOTENVWB1.1.4.0
2025-05-05 21:12:46,745 [WARN] PackLoader:240 - Cannot read IP mode file for STMicroelectronics.FP-ATR-ASTRA1.2.0.2
2025-05-05 21:12:46,767 [WARN] PackLoader:240 - Cannot read IP mode file for STMicroelectronics.X-CUBE-SMBUS.2.1.0
2025-05-05 21:12:46,813 [WARN] PackLoader:240 - Cannot read IP mode file for STMicroelectronics.X-CUBE-AZRTOS-F7.1.1.0
2025-05-05 21:12:46,891 [WARN] PackLoader:240 - Cannot read IP mode file for Infineon.AIROC-Wi-Fi-Bluetooth-STM32.1.7.0
2025-05-05 21:12:46,943 [WARN] PackLoader:240 - Cannot read IP mode file for STMicroelectronics.X-CUBE-DISPLAY.3.0.0
2025-05-05 21:12:46,979 [WARN] PackLoader:240 - Cannot read IP mode file for STMicroelectronics.X-CUBE-NFC10.1.0.0
2025-05-05 21:12:47,012 [WARN] PackLoader:240 - Cannot read IP mode file for STMicroelectronics.X-CUBE-BLEMGR.4.0.0
2025-05-05 21:12:47,079 [WARN] PackLoader:240 - Cannot read IP mode file for emotas.I-CUBE-CANOPEN.1.3.0
2025-05-05 21:12:47,096 [WARN] ConditionMgr:438 - getConditionDescription Invalid condition id : Cortex-A Device cause : null
2025-05-05 21:12:47,119 [WARN] ConditionMgr:1044 - genDependencies : Invalid condition id : Cortex-A Device cause : null
2025-05-05 21:12:47,120 [WARN] ConditionMgr:1044 - genDependencies : Invalid condition id : Cortex-A Device cause : null
2025-05-05 21:12:47,120 [WARN] ConditionMgr:1044 - genDependencies : Invalid condition id : Cortex-A Device cause : null
2025-05-05 21:12:47,133 [WARN] PackLoader:240 - Cannot read IP mode file for STMicroelectronics.X-CUBE-AI.10.0.0
2025-05-05 21:12:47,142 [WARN] PackLoader:240 - Cannot read IP mode file for STMicroelectronics.FP-SNS-SMARTAG2.1.2.0
2025-05-05 21:12:47,149 [WARN] PackLoader:240 - Cannot read IP mode file for STMicroelectronics.FP-SNS-FLIGHT1.5.1.0
2025-05-05 21:12:47,177 [INFO] LogOutputStream:77 - [STDOUT_REDIRECT] 1 : Invalid condition id : UX_CORESTACK_Condition cause : null
2025-05-05 21:12:47,180 [INFO] LogOutputStream:77 - [STDOUT_REDIRECT] 1 : Invalid condition id : UX_CORESTACK_Condition cause : null
2025-05-05 21:12:47,182 [INFO] LogOutputStream:77 - [STDOUT_REDIRECT] 1 : Invalid condition id : UX_CORESTACK_Condition cause : null
2025-05-05 21:12:47,182 [INFO] LogOutputStream:77 - [STDOUT_REDIRECT] 1 : Invalid condition id : UX_CORESTACK_Condition cause : null
2025-05-05 21:12:47,182 [INFO] LogOutputStream:77 - [STDOUT_REDIRECT] 1 : Invalid condition id : UX_CORESTACK_Condition cause : null
2025-05-05 21:12:47,188 [WARN] PackLoader:240 - Cannot read IP mode file for STMicroelectronics.X-CUBE-AZRTOS-WL.2.0.0
2025-05-05 21:12:47,202 [WARN] PackLoader:240 - Cannot read IP mode file for STMicroelectronics.FP-SNS-MOTENV1.5.0.0
2025-05-05 21:12:47,217 [WARN] PackLoader:240 - Cannot read IP mode file for WES.I-CUBE-Cesium.1.3.0
2025-05-05 21:12:47,227 [WARN] PackLoader:240 - Cannot read IP mode file for STMicroelectronics.X-CUBE-BLE2.3.3.0
2025-05-05 21:12:47,240 [WARN] PackLoader:240 - Cannot read IP mode file for STMicroelectronics.X-CUBE-NFC9.1.0.0
2025-05-05 21:12:47,261 [WARN] PackLoader:240 - Cannot read IP mode file for STMicroelectronics.X-CUBE-BLE1.7.1.0
2025-05-05 21:12:47,270 [WARN] PackLoader:240 - Cannot read IP mode file for wolfSSL.I-CUBE-wolfMQTT.1.19.2
2025-05-05 21:12:47,405 [WARN] PackLoader:240 - Cannot read IP mode file for STMicroelectronics.X-CUBE-MEMS1.11.2.0
2025-05-05 21:12:47,624 [WARN] PackLoader:240 - Cannot read IP mode file for STMicroelectronics.X-CUBE-AZRTOS-G0.1.1.0
2025-05-05 21:12:47,937 [WARN] PackLoader:240 - Cannot read IP mode file for STMicroelectronics.X-CUBE-SAFEA1.1.2.2
2025-05-05 21:12:47,987 [WARN] PackLoader:240 - Cannot read IP mode file for STMicroelectronics.X-CUBE-NFC4.3.0.0
2025-05-05 21:12:48,031 [WARN] PackLoader:240 - Cannot read IP mode file for EmbeddedOffice.I-CUBE-FS-RTOS.1.0.1
2025-05-05 21:12:48,055 [WARN] PackLoader:240 - Cannot read IP mode file for STMicroelectronics.X-CUBE-WB05N.2.0.0
2025-05-05 21:12:48,067 [WARN] PackLoader:240 - Cannot read IP mode file for wolfSSL.I-CUBE-wolfTPM.3.8.0
2025-05-05 21:12:48,073 [WARN] PackLoader:240 - Cannot read IP mode file for STMicroelectronics.X-CUBE-TCPP.4.2.0
2025-05-05 21:12:48,100 [WARN] PackLoader:240 - Cannot read IP mode file for RealThread.X-CUBE-RT-Thread_Nano.4.1.1
2025-05-05 21:12:48,118 [WARN] PackLoader:240 - Cannot read IP mode file for STMicroelectronics.FP-ATR-SIGFOX1.3.2.0
2025-05-05 21:12:48,126 [WARN] PackLoader:240 - Cannot read IP mode file for STMicroelectronics.X-CUBE-EEPRMA1.5.1.0
2025-05-05 21:12:48,134 [WARN] PackLoader:240 - Cannot read IP mode file for wolfSSL.I-CUBE-wolfSSL.5.7.6
2025-05-05 21:12:48,145 [WARN] PackLoader:240 - Cannot read IP mode file for ITTIA_DB.I-CUBE-ITTIADB.8.9.0
2025-05-05 21:12:48,223 [WARN] PackLoader:240 - Cannot read IP mode file for SEGGER.I-CUBE-embOS.1.3.1
2025-05-05 21:12:48,295 [WARN] PackLoader:240 - Cannot read IP mode file for STMicroelectronics.X-CUBE-ALGOBUILD.1.4.0
2025-05-05 21:12:48,316 [WARN] PackLoader:240 - Cannot read IP mode file for STMicroelectronics.X-CUBE-AZRTOS-F4.1.1.0
2025-05-05 21:12:48,325 [WARN] PackLoader:240 - Cannot read IP mode file for Avnet-IotConnect.X-CUBE-IoTC-DA16k-PMOD.1.0.0
2025-05-05 21:12:48,328 [WARN] PackLoader:240 - Cannot read IP mode file for STMicroelectronics.X-CUBE-ISPU.2.1.0
2025-05-05 21:12:48,349 [WARN] PackLoader:240 - Cannot read IP mode file for STMicroelectronics.X-CUBE-AZRTOS-L5.2.0.0
2025-05-05 21:12:48,379 [WARN] PackLoader:240 - Cannot read IP mode file for STMicroelectronics.X-CUBE-NFC6.3.1.0
2025-05-05 21:12:48,390 [WARN] PackLoader:240 - Cannot read IP mode file for STMicroelectronics.X-CUBE-FREERTOS.1.3.0
2025-05-05 21:12:48,398 [WARN] PackLoader:240 - Cannot read IP mode file for STMicroelectronics.X-CUBE-DPower.1.3.0
2025-05-05 21:12:48,421 [WARN] ConditionMgr:438 - getConditionDescription Invalid condition id : LAN8742 Phy interface Condition cause : null
2025-05-05 21:12:48,422 [WARN] PackLoader:240 - Cannot read IP mode file for STMicroelectronics.X-CUBE-AZRTOS-L4.2.0.0
2025-05-05 21:12:48,430 [WARN] ConditionMgr:1044 - genDependencies : Invalid condition id : LAN8742 Phy interface Condition cause : null
2025-05-05 21:12:48,431 [WARN] ConditionMgr:1044 - genDependencies : Invalid condition id : LAN8742 Phy interface Condition cause : null
2025-05-05 21:12:48,432 [WARN] ConditionMgr:1044 - genDependencies : Invalid condition id : LAN8742 Phy interface Condition cause : null
2025-05-05 21:12:48,441 [WARN] PackLoader:240 - Cannot read IP mode file for STMicroelectronics.X-CUBE-SFXS2LP1.4.0.0
2025-05-05 21:12:48,490 [WARN] PackLoader:240 - Cannot read IP mode file for STMicroelectronics.X-CUBE-AZRTOS-H7.3.3.0
2025-05-05 21:12:48,516 [WARN] ConditionMgr:438 - getConditionDescription Invalid condition id : UX DEVICE CLASS RTOS Condition cause : null
2025-05-05 21:12:48,517 [WARN] ConditionMgr:438 - getConditionDescription Invalid condition id : UX DEVICE CLASS RTOS Condition cause : null
2025-05-05 21:12:48,521 [WARN] PackLoader:240 - Cannot read IP mode file for STMicroelectronics.X-CUBE-AZRTOS-WB.2.0.0
2025-05-05 21:12:48,523 [WARN] ConditionMgr:1044 - genDependencies : Invalid condition id : UX DEVICE CLASS RTOS Condition cause : null
2025-05-05 21:12:48,523 [WARN] ConditionMgr:1044 - genDependencies : Invalid condition id : UX DEVICE CLASS RTOS Condition cause : null
2025-05-05 21:12:48,523 [WARN] ConditionMgr:1044 - genDependencies : Invalid condition id : UX DEVICE CLASS RTOS Condition cause : null
2025-05-05 21:12:48,524 [WARN] ConditionMgr:1044 - genDependencies : Invalid condition id : UX DEVICE CLASS RTOS Condition cause : null
2025-05-05 21:12:48,524 [WARN] ConditionMgr:1044 - genDependencies : Invalid condition id : UX DEVICE CLASS RTOS Condition cause : null
2025-05-05 21:12:48,537 [WARN] PackLoader:240 - Cannot read IP mode file for STMicroelectronics.X-CUBE-GNSS1.7.0.1
2025-05-05 21:12:48,544 [WARN] PackLoader:240 - Cannot read IP mode file for STMicroelectronics.X-CUBE-TOUCHGFX.4.25.0
2025-05-05 21:12:48,553 [WARN] PackLoader:240 - Cannot read IP mode file for STMicroelectronics.FP-SNS-STBOX1.2.0.0
2025-05-05 21:12:48,567 [WARN] PackLoader:240 - Cannot read IP mode file for STMicroelectronics.X-CUBE-SUBG2.5.0.0
2025-05-05 21:12:48,598 [WARN] PackLoader:240 - Cannot read IP mode file for STMicroelectronics.X-CUBE-AZRTOS-H7RS.1.1.0
2025-05-05 21:12:48,608 [WARN] PackLoader:240 - Cannot read IP mode file for Cesanta.I-CUBE-Mongoose.7.13.0
2025-05-05 21:12:48,623 [WARN] PackLoader:240 - Cannot read IP mode file for STMicroelectronics.X-CUBE-AZRTOS-G4.2.0.0
2025-05-05 21:12:48,629 [WARN] PackLoader:240 - Cannot read IP mode file for wolfSSL.I-CUBE-wolfSSH.1.4.20
2025-05-05 21:12:48,635 [WARN] PackLoader:240 - Cannot read IP mode file for STMicroelectronics.X-CUBE-NFC7.2.0.0
2025-05-05 21:12:48,653 [WARN] PackLoader:240 - Cannot read IP mode file for STMicroelectronics.X-CUBE-IPS.3.1.0
2025-05-05 21:12:48,663 [WARN] PackLoader:240 - Cannot read IP mode file for STMicroelectronics.X-CUBE-ALS.1.0.2
2025-05-05 21:12:48,669 [WARN] PackLoader:240 - Cannot read IP mode file for portGmbH.I-Cube-SoM-uGOAL.1.1.0
2025-05-05 21:12:48,686 [WARN] PackLoader:240 - Cannot read IP mode file for STMicroelectronics.X-CUBE-TOF1.3.4.3
2025-05-05 21:12:48,707 [INFO] ThirdParty:978 - Integrity check success = true
2025-05-05 21:12:48,708 [INFO] IntegrityCheckThread:100 - exiting critical section [integrity check]
2025-05-05 21:12:48,708 [INFO] IntegrityCheckThread:103 - End integrity checks thread
2025-05-05 21:12:52,256 [INFO] WebApp:169 - Instantiating new browser for Auth
2025-05-05 21:12:54,061 [INFO] WebApp:463 - Apply proxy settings
2025-05-05 21:12:54,084 [INFO] WebApp:508 - Chromium authenticates against Manually configured proxy
2025-05-05 21:12:54,103 [INFO] WebApp:516 - Username used for proxy authentication: 
2025-05-05 21:12:54,155 [INFO] WebApp:894 - Register for checkConnection events
2025-05-05 21:12:54,156 [INFO] WebApp:463 - Apply proxy settings
2025-05-05 21:12:54,160 [INFO] WebApp:508 - Chromium authenticates against Manually configured proxy
2025-05-05 21:12:54,161 [INFO] WebApp:516 - Username used for proxy authentication: 
2025-05-05 21:12:54,374 [INFO] WebApp:225 - Starting web application
2025-05-05 21:12:54,375 [INFO] WebApp:593 - Web application path used /Applications/STM32CubeIDE.app/Contents/Eclipse/plugins/com.st.stm32cube.common.mx_6.14.1.202504091515/db/plugins/mcufinder/reactClient1/index.html
2025-05-05 21:12:55,408 [INFO] WebApp:191 - Connection restablished
2025-05-05 22:14:23,820 [INFO] WebApp:194 - Connection lost
2025-05-05 22:14:28,420 [INFO] WebApp:191 - Connection restablished
