2025-05-17 07:53:01,090 [INFO] Activator:176 - 


2025-05-17 07:53:01,096 [INFO] Activator:177 - !SESSION log4j initialized
2025-05-17 07:53:06,117 [INFO] LogOutputStream:77 - [STDOUT_REDIRECT] 
2025-05-17 07:53:07,387 [ERROR] LogOutputStream:75 - [STDERR_REDIRECT] 
2025-05-17 07:53:10,735 [INFO] LogOutputStream:77 - [STDOUT_REDIRECT] 
2025-05-17 07:53:19,842 [INFO] ApplicationProperties:184 - Using Application install path: /Applications/STM32CubeIDE.app/Contents/Eclipse/plugins/com.st.stm32cube.common.mx_6.14.1.202504091515
2025-05-17 07:53:19,859 [INFO] DbMcusXml:78 - Set database path to: /Applications/STM32CubeIDE.app/Contents/Eclipse/plugins/com.st.stm32cube.common.mx_6.14.1.202504091515//db//mcu/
2025-05-17 07:53:19,859 [INFO] ApiDb:274 - Set plugin database path to: /Applications/STM32CubeIDE.app/Contents/Eclipse/plugins/com.st.stm32cube.common.mx_6.14.1.202504091515//db//plugins/boardmanager/
2025-05-17 07:53:19,860 [WARN] ApiDb:259 - Overriding images path with different value:  => /Applications/STM32CubeIDE.app/Contents/Eclipse/plugins/com.st.stm32cube.common.mx_6.14.1.202504091515//db//plugins/mcufinder/images/
2025-05-17 07:53:19,866 [INFO] ApiDb:250 - Set database path to: /Users/hmustf/.stmcufinder/plugins/mcufinder//mcu/
2025-05-17 07:53:19,867 [INFO] DbMcusAds:125 - Set database path to: /Users/hmustf/.stmcufinder/plugins/mcufinder//mcu/
2025-05-17 07:53:19,869 [INFO] CrossReferenceDbSqlite:203 - Set database path to: /Users/hmustf/.stmcufinder/plugins/mcufinder//mcu/cs/
2025-05-17 07:53:20,053 [INFO] RulesReader:64 - Compatibility file has been processed (302 Rules)
2025-05-17 07:53:20,142 [INFO] DbMcusXml:78 - Set database path to: /Applications/STM32CubeIDE.app/Contents/Eclipse/plugins/com.st.stm32cube.common.mx_6.14.1.202504091515//db//mcu/
2025-05-17 07:53:20,143 [INFO] ApiDb:274 - Set plugin database path to: /Applications/STM32CubeIDE.app/Contents/Eclipse/plugins/com.st.stm32cube.common.mx_6.14.1.202504091515//db//plugins/boardmanager/
2025-05-17 07:53:20,143 [INFO] ApiDb:261 - Set plugin images path to: /Applications/STM32CubeIDE.app/Contents/Eclipse/plugins/com.st.stm32cube.common.mx_6.14.1.202504091515//db//plugins/mcufinder/images/
2025-05-17 07:53:20,143 [WARN] DbFile:41 - Overriding database path with different value: /Users/hmustf/.stmcufinder/plugins/mcufinder/ => /Users/hmustf/.stmcufinder/plugins/mcufinder
2025-05-17 07:53:20,144 [INFO] ApiDb:250 - Set database path to: /Users/hmustf/.stmcufinder/plugins/mcufinder//mcu/
2025-05-17 07:53:20,144 [WARN] DbFile:41 - Overriding database path with different value: /Users/hmustf/.stmcufinder/plugins/mcufinder/ => /Users/hmustf/.stmcufinder/plugins/mcufinder
2025-05-17 07:53:20,144 [INFO] DbMcusAds:125 - Set database path to: /Users/hmustf/.stmcufinder/plugins/mcufinder//mcu/
2025-05-17 07:53:20,144 [WARN] DbFile:41 - Overriding database path with different value: /Users/hmustf/.stmcufinder/plugins/mcufinder/ => /Users/hmustf/.stmcufinder/plugins/mcufinder
2025-05-17 07:53:20,144 [WARN] DbFile:41 - Overriding database path with different value: /Users/hmustf/.stmcufinder/plugins/mcufinder/ => /Users/hmustf/.stmcufinder/plugins/mcufinder
2025-05-17 07:53:20,144 [INFO] CrossReferenceDbSqlite:203 - Set database path to: /Users/hmustf/.stmcufinder/plugins/mcufinder//mcu/cs/
2025-05-17 07:53:20,225 [INFO] MainPanel:272 - HeapMemory: 268435456
2025-05-17 07:53:20,914 [INFO] DbMcusXml:78 - Set database path to: /Applications/STM32CubeIDE.app/Contents/Eclipse/plugins/com.st.stm32cube.common.mx_6.14.1.202504091515//db//mcu/
2025-05-17 07:53:20,914 [INFO] ApiDb:274 - Set plugin database path to: /Applications/STM32CubeIDE.app/Contents/Eclipse/plugins/com.st.stm32cube.common.mx_6.14.1.202504091515//db//plugins/boardmanager/
2025-05-17 07:53:20,914 [INFO] ApiDb:261 - Set plugin images path to: /Applications/STM32CubeIDE.app/Contents/Eclipse/plugins/com.st.stm32cube.common.mx_6.14.1.202504091515//db//plugins/mcufinder/images/
2025-05-17 07:53:20,915 [WARN] DbFile:41 - Overriding database path with different value: /Users/hmustf/.stmcufinder/plugins/mcufinder/ => /Users/hmustf/.stmcufinder/plugins/mcufinder
2025-05-17 07:53:20,915 [INFO] ApiDb:250 - Set database path to: /Users/hmustf/.stmcufinder/plugins/mcufinder//mcu/
2025-05-17 07:53:20,915 [WARN] DbFile:41 - Overriding database path with different value: /Users/hmustf/.stmcufinder/plugins/mcufinder/ => /Users/hmustf/.stmcufinder/plugins/mcufinder
2025-05-17 07:53:20,915 [INFO] DbMcusAds:125 - Set database path to: /Users/hmustf/.stmcufinder/plugins/mcufinder//mcu/
2025-05-17 07:53:20,915 [WARN] DbFile:41 - Overriding database path with different value: /Users/hmustf/.stmcufinder/plugins/mcufinder/ => /Users/hmustf/.stmcufinder/plugins/mcufinder
2025-05-17 07:53:20,916 [WARN] DbFile:41 - Overriding database path with different value: /Users/hmustf/.stmcufinder/plugins/mcufinder/ => /Users/hmustf/.stmcufinder/plugins/mcufinder
2025-05-17 07:53:20,916 [INFO] CrossReferenceDbSqlite:203 - Set database path to: /Users/hmustf/.stmcufinder/plugins/mcufinder//mcu/cs/
2025-05-17 07:53:20,939 [INFO] ApplicationProperties:184 - Using Application install path: /Applications/STM32CubeIDE.app/Contents/Eclipse/plugins/com.st.stm32cube.common.mx_6.14.1.202504091515
2025-05-17 07:53:20,940 [INFO] PluginManage:196 - Search for loadable plugins [exclusion list=, ]
2025-05-17 07:53:20,941 [INFO] PluginManage:310 - Check plugin analytics
2025-05-17 07:53:21,197 [INFO] AnalyticsPlugin:253 - Accepted Software Licenses: 
2025-05-17 07:53:21,198 [INFO] AnalyticsPlugin:255 - Accepted CMSIS Pack Licenses: 
2025-05-17 07:53:21,198 [INFO] AnalyticsPlugin:257 - Accepted Firmware Licenses: 
2025-05-17 07:53:21,205 [INFO] PluginManage:359 - Loaded plugin analytics (category:tool,tabindex:-1)
2025-05-17 07:53:21,206 [INFO] PluginManage:310 - Check plugin cadmodel
2025-05-17 07:53:21,219 [INFO] CADModel:105 - Init CAD model plugin
2025-05-17 07:53:21,219 [INFO] PluginManage:359 - Loaded plugin cadmodel (category:power,tabindex:5)
2025-05-17 07:53:21,220 [INFO] PluginManage:310 - Check plugin clock
2025-05-17 07:53:21,230 [INFO] PluginManage:359 - Loaded plugin clock (category:base,tabindex:2)
2025-05-17 07:53:21,231 [INFO] PluginManage:310 - Check plugin ddr
2025-05-17 07:53:21,233 [INFO] PluginManage:359 - Loaded plugin ddr (category:tool,tabindex:6)
2025-05-17 07:53:21,233 [INFO] PluginManage:310 - Check plugin filemanager
2025-05-17 07:53:21,459 [INFO] PluginManage:359 - Loaded plugin filemanager (category:base,tabindex:10)
2025-05-17 07:53:21,459 [INFO] PluginManage:310 - Check plugin ipmanager
2025-05-17 07:53:21,471 [INFO] PluginManage:359 - Loaded plugin ipmanager (category:base,tabindex:5)
2025-05-17 07:53:21,471 [INFO] PluginManage:310 - Check plugin lpbam
2025-05-17 07:53:21,479 [INFO] PluginManage:359 - Loaded plugin lpbam (category:base,tabindex:0)
2025-05-17 07:53:21,480 [INFO] PluginManage:310 - Check plugin memorymap
2025-05-17 07:53:21,489 [INFO] PluginManage:359 - Loaded plugin memorymap (category:base,tabindex:4)
2025-05-17 07:53:21,489 [INFO] PluginManage:310 - Check plugin pinoutandconfiguration
2025-05-17 07:53:21,497 [INFO] PluginManage:359 - Loaded plugin pinoutandconfiguration (category:base,tabindex:1)
2025-05-17 07:53:21,497 [INFO] PluginManage:310 - Check plugin pinoutconfig
2025-05-17 07:53:21,592 [WARN] SupportedApi:132 - Cannot load RTOS API schema: s4s-elt-must-match.1: The content of 'definitions' must match (annotation?, (simpleType | complexType)?, (unique | key | keyref)*)). A problem was found starting at: attribute.
2025-05-17 07:53:21,751 [INFO] PluginManage:359 - Loaded plugin pinoutconfig (category:base,tabindex:0)
2025-05-17 07:53:21,752 [INFO] PluginManage:310 - Check plugin power
2025-05-17 07:53:21,765 [INFO] PluginManage:359 - Loaded plugin power (category:power,tabindex:4)
2025-05-17 07:53:21,765 [INFO] PluginManage:310 - Check plugin projectmanager
2025-05-17 07:53:21,796 [INFO] PluginManage:359 - Loaded plugin projectmanager (category:projectmanager,tabindex:4)
2025-05-17 07:53:21,796 [INFO] PluginManage:310 - Check plugin rif
2025-05-17 07:53:21,803 [INFO] PluginManage:359 - Loaded plugin rif (category:base,tabindex:3)
2025-05-17 07:53:21,803 [INFO] PluginManage:310 - Check plugin thirdparty
2025-05-17 07:53:22,004 [INFO] PluginManage:359 - Loaded plugin thirdparty (category:base,tabindex:-1)
2025-05-17 07:53:22,003 [WARN] IntegrityCheckThread:84 - waiting for thirdparty lock release [integrity check]
2025-05-17 07:53:22,005 [INFO] PluginManage:310 - Check plugin tools
2025-05-17 07:53:22,005 [INFO] IntegrityCheckThread:86 - entering critical section [integrity check]
2025-05-17 07:53:22,006 [INFO] ThirdPartyUpdaterWithRetryManager:70 - Updater plugin not ready yet. [1/15]
2025-05-17 07:53:22,008 [INFO] PluginManage:359 - Loaded plugin tools (category:base,tabindex:7)
2025-05-17 07:53:22,008 [INFO] PluginManage:310 - Check plugin tutovideos
2025-05-17 07:53:22,194 [INFO] PluginManage:359 - Loaded plugin tutovideos (category:base,tabindex:-1)
2025-05-17 07:53:22,195 [INFO] PluginManage:310 - Check plugin updater
2025-05-17 07:53:22,226 [INFO] PluginManage:359 - Loaded plugin updater (category:base,tabindex:12)
2025-05-17 07:53:22,227 [INFO] PluginManage:310 - Check plugin userauth
2025-05-17 07:53:22,232 [INFO] UserAuth:118 - Init User Auth plugin
2025-05-17 07:53:22,234 [INFO] PluginManage:359 - Loaded plugin userauth (category:base,tabindex:14)
2025-05-17 07:53:22,236 [INFO] PluginManage:283 - PluginManage : Loaded plugins [18]
2025-05-17 07:53:22,484 [INFO] PinOutPanel:1589 - setPackage(No Configuration,No Configuration)
2025-05-17 07:53:22,570 [INFO] CADModel:165 - CPN selected for project level
2025-05-17 07:53:22,571 [INFO] CADModel:114 - Register for checkConnection events
2025-05-17 07:53:22,583 [INFO] IPUIPlugin:80 - create IPUIPlugin
2025-05-17 07:53:22,583 [INFO] PluginManager:220 - loadIPPluginJar : add mdma
2025-05-17 07:53:22,590 [INFO] IPUIPlugin:80 - create IPUIPlugin
2025-05-17 07:53:22,590 [INFO] PluginManager:220 - loadIPPluginJar : add freertos
2025-05-17 07:53:22,594 [INFO] IPUIPlugin:80 - create IPUIPlugin
2025-05-17 07:53:22,594 [INFO] PluginManager:220 - loadIPPluginJar : add gic
2025-05-17 07:53:22,602 [INFO] IPUIPlugin:80 - create IPUIPlugin
2025-05-17 07:53:22,603 [INFO] PluginManager:220 - loadIPPluginJar : add adc
2025-05-17 07:53:22,604 [INFO] IPUIPlugin:80 - create IPUIPlugin
2025-05-17 07:53:22,604 [INFO] PluginManager:220 - loadIPPluginJar : add gtzc
2025-05-17 07:53:22,605 [INFO] IPUIPlugin:80 - create IPUIPlugin
2025-05-17 07:53:22,605 [INFO] PluginManager:220 - loadIPPluginJar : add quadspi
2025-05-17 07:53:22,607 [INFO] IPUIPlugin:80 - create IPUIPlugin
2025-05-17 07:53:22,607 [INFO] PluginManager:220 - loadIPPluginJar : add aes
2025-05-17 07:53:22,608 [INFO] IPUIPlugin:80 - create IPUIPlugin
2025-05-17 07:53:22,608 [INFO] PluginManager:220 - loadIPPluginJar : add pdm2pcm
2025-05-17 07:53:22,609 [INFO] IPUIPlugin:80 - create IPUIPlugin
2025-05-17 07:53:22,610 [INFO] PluginManager:220 - loadIPPluginJar : add hash
2025-05-17 07:53:22,611 [INFO] IPUIPlugin:80 - create IPUIPlugin
2025-05-17 07:53:22,611 [INFO] PluginManager:220 - loadIPPluginJar : add tim
2025-05-17 07:53:22,612 [INFO] IPUIPlugin:80 - create IPUIPlugin
2025-05-17 07:53:22,612 [INFO] PluginManager:220 - loadIPPluginJar : add tsc
2025-05-17 07:53:22,614 [INFO] IPUIPlugin:80 - create IPUIPlugin
2025-05-17 07:53:22,614 [INFO] PluginManager:220 - loadIPPluginJar : add extmemmanager
2025-05-17 07:53:22,616 [INFO] IPUIPlugin:80 - create IPUIPlugin
2025-05-17 07:53:22,616 [INFO] PluginManager:220 - loadIPPluginJar : add ts
2025-05-17 07:53:22,617 [INFO] IPUIPlugin:80 - create IPUIPlugin
2025-05-17 07:53:22,618 [INFO] PluginManager:220 - loadIPPluginJar : add radio
2025-05-17 07:53:22,619 [INFO] IPUIPlugin:80 - create IPUIPlugin
2025-05-17 07:53:22,619 [INFO] PluginManager:220 - loadIPPluginJar : add can
2025-05-17 07:53:22,620 [INFO] IPUIPlugin:80 - create IPUIPlugin
2025-05-17 07:53:22,621 [INFO] PluginManager:220 - loadIPPluginJar : add dma3
2025-05-17 07:53:22,622 [INFO] IPUIPlugin:80 - create IPUIPlugin
2025-05-17 07:53:22,622 [INFO] PluginManager:220 - loadIPPluginJar : add dfsdm
2025-05-17 07:53:22,623 [INFO] IPUIPlugin:80 - create IPUIPlugin
2025-05-17 07:53:22,623 [INFO] PluginManager:220 - loadIPPluginJar : add spi
2025-05-17 07:53:22,624 [INFO] IPUIPlugin:80 - create IPUIPlugin
2025-05-17 07:53:22,624 [INFO] PluginManager:220 - loadIPPluginJar : add gfxmmu
2025-05-17 07:53:22,626 [INFO] IPUIPlugin:80 - create IPUIPlugin
2025-05-17 07:53:22,626 [INFO] PluginManager:220 - loadIPPluginJar : add genericplugin
2025-05-17 07:53:22,628 [INFO] IPUIPlugin:80 - create IPUIPlugin
2025-05-17 07:53:22,628 [INFO] PluginManager:220 - loadIPPluginJar : add cryp
2025-05-17 07:53:22,630 [INFO] IPUIPlugin:80 - create IPUIPlugin
2025-05-17 07:53:22,631 [INFO] PluginManager:220 - loadIPPluginJar : add gpio
2025-05-17 07:53:22,633 [INFO] IPUIPlugin:80 - create IPUIPlugin
2025-05-17 07:53:22,633 [INFO] PluginManager:220 - loadIPPluginJar : add ddr_ctrl_phy
2025-05-17 07:53:22,635 [INFO] IPUIPlugin:80 - create IPUIPlugin
2025-05-17 07:53:22,635 [INFO] PluginManager:220 - loadIPPluginJar : add comp
2025-05-17 07:53:22,637 [INFO] IPUIPlugin:80 - create IPUIPlugin
2025-05-17 07:53:22,638 [INFO] PluginManager:220 - loadIPPluginJar : add tracer_emb
2025-05-17 07:53:22,640 [INFO] IPUIPlugin:80 - create IPUIPlugin
2025-05-17 07:53:22,640 [INFO] PluginManager:220 - loadIPPluginJar : add openamp
2025-05-17 07:53:22,644 [INFO] IPUIPlugin:80 - create IPUIPlugin
2025-05-17 07:53:22,644 [INFO] PluginManager:220 - loadIPPluginJar : add stm32_wpan
2025-05-17 07:53:22,648 [INFO] IPUIPlugin:80 - create IPUIPlugin
2025-05-17 07:53:22,650 [INFO] PluginManager:220 - loadIPPluginJar : add plateformsettings
2025-05-17 07:53:22,653 [INFO] IPUIPlugin:80 - create IPUIPlugin
2025-05-17 07:53:22,653 [INFO] PluginManager:220 - loadIPPluginJar : add ipddr
2025-05-17 07:53:22,655 [INFO] IPUIPlugin:80 - create IPUIPlugin
2025-05-17 07:53:22,656 [INFO] PluginManager:220 - loadIPPluginJar : add usart
2025-05-17 07:53:22,657 [INFO] IPUIPlugin:80 - create IPUIPlugin
2025-05-17 07:53:22,657 [INFO] PluginManager:220 - loadIPPluginJar : add ltdc
2025-05-17 07:53:22,660 [INFO] IPUIPlugin:80 - create IPUIPlugin
2025-05-17 07:53:22,660 [INFO] PluginManager:220 - loadIPPluginJar : add nvic
2025-05-17 07:53:22,661 [INFO] IPUIPlugin:80 - create IPUIPlugin
2025-05-17 07:53:22,661 [INFO] PluginManager:220 - loadIPPluginJar : add fatfs
2025-05-17 07:53:22,667 [INFO] IPUIPlugin:80 - create IPUIPlugin
2025-05-17 07:53:22,667 [INFO] PluginManager:220 - loadIPPluginJar : add linkedlist
2025-05-17 07:53:22,671 [INFO] IPUIPlugin:80 - create IPUIPlugin
2025-05-17 07:53:22,672 [INFO] PluginManager:220 - loadIPPluginJar : add dma
2025-05-17 07:53:22,674 [INFO] IPUIPlugin:80 - create IPUIPlugin
2025-05-17 07:53:22,674 [INFO] PluginManager:220 - loadIPPluginJar : add fmc
2025-05-17 07:53:22,676 [INFO] IPUIPlugin:80 - create IPUIPlugin
2025-05-17 07:53:22,676 [INFO] PluginManager:220 - loadIPPluginJar : add i2s
2025-05-17 07:53:22,677 [INFO] IPUIPlugin:80 - create IPUIPlugin
2025-05-17 07:53:22,678 [INFO] PluginManager:220 - loadIPPluginJar : add ucpd
2025-05-17 07:53:22,680 [INFO] IPUIPlugin:80 - create IPUIPlugin
2025-05-17 07:53:22,680 [INFO] PluginManager:220 - loadIPPluginJar : add lorawan
2025-05-17 07:53:22,682 [INFO] IPUIPlugin:80 - create IPUIPlugin
2025-05-17 07:53:22,682 [INFO] PluginManager:220 - loadIPPluginJar : add opamp
2025-05-17 07:53:22,684 [INFO] IPUIPlugin:80 - create IPUIPlugin
2025-05-17 07:53:22,684 [INFO] PluginManager:220 - loadIPPluginJar : add i3c
2025-05-17 07:53:22,687 [INFO] IPUIPlugin:80 - create IPUIPlugin
2025-05-17 07:53:22,687 [INFO] PluginManager:220 - loadIPPluginJar : add touchsensing
2025-05-17 07:53:22,689 [INFO] IPUIPlugin:80 - create IPUIPlugin
2025-05-17 07:53:22,690 [INFO] PluginManager:220 - loadIPPluginJar : add i2c
2025-05-17 07:53:22,692 [INFO] IPUIPlugin:80 - create IPUIPlugin
2025-05-17 07:53:22,692 [INFO] PluginManager:220 - loadIPPluginJar : add resmgrutility
2025-05-17 07:53:22,694 [INFO] IPUIPlugin:80 - create IPUIPlugin
2025-05-17 07:53:22,694 [INFO] PluginManager:220 - loadIPPluginJar : add sai
2025-05-17 07:53:22,695 [INFO] IPUIPlugin:80 - create IPUIPlugin
2025-05-17 07:53:22,696 [INFO] PluginManager:220 - loadIPPluginJar : add usbx
2025-05-17 07:53:22,813 [FATAL] Updater:351 - Updater called before beeing initialized
2025-05-17 07:53:22,863 [INFO] RulesReader:64 - Compatibility file has been processed (302 Rules)
2025-05-17 07:53:22,882 [INFO] RulesReader:64 - Compatibility file has been processed (302 Rules)
2025-05-17 07:53:22,898 [INFO] CADModel:165 - CPN selected for project level
2025-05-17 07:53:22,898 [INFO] CADModel:114 - Register for checkConnection events
2025-05-17 07:53:22,898 [FATAL] Updater:351 - Updater called before beeing initialized
2025-05-17 07:53:22,898 [ERROR] CADModel:125 - Updater not yet initialized, retry later 
2025-05-17 07:53:23,157 [FATAL] Updater:351 - Updater called before beeing initialized
2025-05-17 07:53:23,159 [INFO] CADModel:165 - CPN selected for project level
2025-05-17 07:53:23,159 [INFO] CADModel:114 - Register for checkConnection events
2025-05-17 07:53:23,159 [FATAL] Updater:351 - Updater called before beeing initialized
2025-05-17 07:53:23,159 [ERROR] CADModel:125 - Updater not yet initialized, retry later 
2025-05-17 07:53:23,162 [FATAL] Updater:351 - Updater called before beeing initialized
2025-05-17 07:53:23,321 [FATAL] Updater:351 - Updater called before beeing initialized
2025-05-17 07:53:23,326 [INFO] DbMcusAds:53 - JSON generation date=Wed May 07 12:07:55 TRT 2025 (1746608875187)
2025-05-17 07:53:23,326 [FATAL] Updater:351 - Updater called before beeing initialized
2025-05-17 07:53:23,395 [WARN] DetailPanel:346 - Failed to get advertising image, set to default
2025-05-17 07:53:23,629 [FATAL] Updater:351 - Updater called before beeing initialized
2025-05-17 07:53:23,633 [FATAL] Updater:351 - Updater called before beeing initialized
2025-05-17 07:53:23,634 [FATAL] Updater:351 - Updater called before beeing initialized
2025-05-17 07:53:23,634 [WARN] DetailPanel:346 - Failed to get advertising image, set to default
2025-05-17 07:53:23,639 [FATAL] Updater:351 - Updater called before beeing initialized
2025-05-17 07:53:23,694 [ERROR] Updater:1198 - MainUpdater not yet initialized. External WinMGr cannot be set.
2025-05-17 07:53:23,698 [INFO] Updater:1134 - Updater Version found : 6.14.1
2025-05-17 07:53:23,712 [INFO] ApplicationProperties:184 - Using Application install path: /Applications/STM32CubeIDE.app/Contents/Eclipse/plugins/com.st.stm32cube.common.mx_6.14.1.202504091515
2025-05-17 07:53:24,272 [INFO] MainUpdater:2872 - connection check result : 10
2025-05-17 07:53:24,274 [INFO] MainUpdater:289 - Updater Check For Update Now.
2025-05-17 07:53:24,275 [INFO] MicroXplorer:498 - Change Database Version : DB.6.0.141
2025-05-17 07:53:24,291 [INFO] McuFinderGlobals:63 - Set McuFinder mode to 2 (CubeIDE integrated)
2025-05-17 07:53:24,291 [INFO] UserAuth:171 - activating auth plugin
2025-05-17 07:53:24,304 [INFO] UserAuth:484 - Internet connection configuration mode: 1
2025-05-17 07:53:24,320 [INFO] JxBrowserEngine:152 - Initiate JxBrowser Engine with user profile folder
2025-05-17 07:53:24,543 [INFO] CheckServerUpdateThread:120 - End of CheckServer Thread
2025-05-17 07:53:25,277 [WARN] PackLoader:240 - Cannot read IP mode file for STMicroelectronics.FP-SNS-MOTENVWB1.1.4.0
2025-05-17 07:53:25,300 [WARN] PackLoader:240 - Cannot read IP mode file for STMicroelectronics.FP-ATR-ASTRA1.2.0.2
2025-05-17 07:53:25,318 [WARN] PackLoader:240 - Cannot read IP mode file for STMicroelectronics.X-CUBE-SMBUS.2.1.0
2025-05-17 07:53:25,368 [WARN] PackLoader:240 - Cannot read IP mode file for STMicroelectronics.X-CUBE-AZRTOS-F7.1.1.0
2025-05-17 07:53:25,428 [WARN] PackLoader:240 - Cannot read IP mode file for Infineon.AIROC-Wi-Fi-Bluetooth-STM32.1.7.0
2025-05-17 07:53:25,463 [WARN] PackLoader:240 - Cannot read IP mode file for STMicroelectronics.X-CUBE-DISPLAY.3.0.0
2025-05-17 07:53:25,503 [WARN] PackLoader:240 - Cannot read IP mode file for STMicroelectronics.X-CUBE-NFC10.1.0.0
2025-05-17 07:53:25,534 [WARN] PackLoader:240 - Cannot read IP mode file for STMicroelectronics.X-CUBE-BLEMGR.4.0.0
2025-05-17 07:53:25,562 [WARN] PackLoader:240 - Cannot read IP mode file for emotas.I-CUBE-CANOPEN.1.3.0
2025-05-17 07:53:25,572 [WARN] ConditionMgr:438 - getConditionDescription Invalid condition id : Cortex-A Device cause : null
2025-05-17 07:53:25,599 [WARN] ConditionMgr:1044 - genDependencies : Invalid condition id : Cortex-A Device cause : null
2025-05-17 07:53:25,600 [WARN] ConditionMgr:1044 - genDependencies : Invalid condition id : Cortex-A Device cause : null
2025-05-17 07:53:25,600 [WARN] ConditionMgr:1044 - genDependencies : Invalid condition id : Cortex-A Device cause : null
2025-05-17 07:53:25,614 [WARN] PackLoader:240 - Cannot read IP mode file for STMicroelectronics.X-CUBE-AI.10.0.0
2025-05-17 07:53:25,624 [WARN] PackLoader:240 - Cannot read IP mode file for STMicroelectronics.FP-SNS-SMARTAG2.1.2.0
2025-05-17 07:53:25,632 [WARN] PackLoader:240 - Cannot read IP mode file for STMicroelectronics.FP-SNS-FLIGHT1.5.1.0
2025-05-17 07:53:25,654 [INFO] LogOutputStream:77 - [STDOUT_REDIRECT] 1 : Invalid condition id : UX_CORESTACK_Condition cause : null
2025-05-17 07:53:25,656 [INFO] LogOutputStream:77 - [STDOUT_REDIRECT] 1 : Invalid condition id : UX_CORESTACK_Condition cause : null
2025-05-17 07:53:25,656 [INFO] LogOutputStream:77 - [STDOUT_REDIRECT] 1 : Invalid condition id : UX_CORESTACK_Condition cause : null
2025-05-17 07:53:25,656 [INFO] LogOutputStream:77 - [STDOUT_REDIRECT] 1 : Invalid condition id : UX_CORESTACK_Condition cause : null
2025-05-17 07:53:25,657 [INFO] LogOutputStream:77 - [STDOUT_REDIRECT] 1 : Invalid condition id : UX_CORESTACK_Condition cause : null
2025-05-17 07:53:25,666 [WARN] PackLoader:240 - Cannot read IP mode file for STMicroelectronics.X-CUBE-AZRTOS-WL.2.0.0
2025-05-17 07:53:25,676 [WARN] PackLoader:240 - Cannot read IP mode file for STMicroelectronics.FP-SNS-MOTENV1.5.0.0
2025-05-17 07:53:25,694 [WARN] PackLoader:240 - Cannot read IP mode file for WES.I-CUBE-Cesium.1.3.0
2025-05-17 07:53:25,706 [WARN] PackLoader:240 - Cannot read IP mode file for STMicroelectronics.X-CUBE-BLE2.3.3.0
2025-05-17 07:53:25,718 [WARN] PackLoader:240 - Cannot read IP mode file for STMicroelectronics.X-CUBE-NFC9.1.0.0
2025-05-17 07:53:25,734 [WARN] PackLoader:240 - Cannot read IP mode file for STMicroelectronics.X-CUBE-BLE1.7.1.0
2025-05-17 07:53:25,738 [WARN] PackLoader:240 - Cannot read IP mode file for wolfSSL.I-CUBE-wolfMQTT.1.19.2
2025-05-17 07:53:25,879 [WARN] PackLoader:240 - Cannot read IP mode file for STMicroelectronics.X-CUBE-MEMS1.11.2.0
2025-05-17 07:53:26,482 [WARN] PackLoader:240 - Cannot read IP mode file for STMicroelectronics.X-CUBE-AZRTOS-G0.1.1.0
2025-05-17 07:53:26,589 [WARN] PackLoader:240 - Cannot read IP mode file for STMicroelectronics.X-CUBE-SAFEA1.1.2.2
2025-05-17 07:53:26,616 [WARN] PackLoader:240 - Cannot read IP mode file for STMicroelectronics.X-CUBE-NFC4.3.0.0
2025-05-17 07:53:26,648 [WARN] PackLoader:240 - Cannot read IP mode file for EmbeddedOffice.I-CUBE-FS-RTOS.1.0.1
2025-05-17 07:53:26,679 [WARN] PackLoader:240 - Cannot read IP mode file for STMicroelectronics.X-CUBE-WB05N.2.0.0
2025-05-17 07:53:26,697 [WARN] PackLoader:240 - Cannot read IP mode file for wolfSSL.I-CUBE-wolfTPM.3.8.0
2025-05-17 07:53:26,704 [WARN] PackLoader:240 - Cannot read IP mode file for STMicroelectronics.X-CUBE-TCPP.4.2.0
2025-05-17 07:53:26,715 [WARN] PackLoader:240 - Cannot read IP mode file for RealThread.X-CUBE-RT-Thread_Nano.4.1.1
2025-05-17 07:53:26,730 [WARN] PackLoader:240 - Cannot read IP mode file for STMicroelectronics.FP-ATR-SIGFOX1.3.2.0
2025-05-17 07:53:26,740 [WARN] PackLoader:240 - Cannot read IP mode file for STMicroelectronics.X-CUBE-EEPRMA1.5.1.0
2025-05-17 07:53:26,750 [WARN] PackLoader:240 - Cannot read IP mode file for wolfSSL.I-CUBE-wolfSSL.5.7.6
2025-05-17 07:53:26,760 [WARN] PackLoader:240 - Cannot read IP mode file for ITTIA_DB.I-CUBE-ITTIADB.8.9.0
2025-05-17 07:53:26,838 [WARN] PackLoader:240 - Cannot read IP mode file for SEGGER.I-CUBE-embOS.1.3.1
2025-05-17 07:53:26,909 [WARN] PackLoader:240 - Cannot read IP mode file for STMicroelectronics.X-CUBE-ALGOBUILD.1.4.0
2025-05-17 07:53:26,936 [WARN] PackLoader:240 - Cannot read IP mode file for STMicroelectronics.X-CUBE-AZRTOS-F4.1.1.0
2025-05-17 07:53:26,945 [WARN] PackLoader:240 - Cannot read IP mode file for Avnet-IotConnect.X-CUBE-IoTC-DA16k-PMOD.1.0.0
2025-05-17 07:53:26,948 [WARN] PackLoader:240 - Cannot read IP mode file for STMicroelectronics.X-CUBE-ISPU.2.1.0
2025-05-17 07:53:26,971 [WARN] PackLoader:240 - Cannot read IP mode file for STMicroelectronics.X-CUBE-AZRTOS-L5.2.0.0
2025-05-17 07:53:27,002 [WARN] PackLoader:240 - Cannot read IP mode file for STMicroelectronics.X-CUBE-NFC6.3.1.0
2025-05-17 07:53:27,019 [WARN] PackLoader:240 - Cannot read IP mode file for STMicroelectronics.X-CUBE-FREERTOS.1.3.0
2025-05-17 07:53:27,031 [WARN] PackLoader:240 - Cannot read IP mode file for STMicroelectronics.X-CUBE-DPower.1.3.0
2025-05-17 07:53:27,055 [WARN] ConditionMgr:438 - getConditionDescription Invalid condition id : LAN8742 Phy interface Condition cause : null
2025-05-17 07:53:27,057 [WARN] PackLoader:240 - Cannot read IP mode file for STMicroelectronics.X-CUBE-AZRTOS-L4.2.0.0
2025-05-17 07:53:27,061 [WARN] ConditionMgr:1044 - genDependencies : Invalid condition id : LAN8742 Phy interface Condition cause : null
2025-05-17 07:53:27,061 [WARN] ConditionMgr:1044 - genDependencies : Invalid condition id : LAN8742 Phy interface Condition cause : null
2025-05-17 07:53:27,063 [WARN] ConditionMgr:1044 - genDependencies : Invalid condition id : LAN8742 Phy interface Condition cause : null
2025-05-17 07:53:27,073 [WARN] PackLoader:240 - Cannot read IP mode file for STMicroelectronics.X-CUBE-SFXS2LP1.4.0.0
2025-05-17 07:53:27,103 [WARN] PackLoader:240 - Cannot read IP mode file for STMicroelectronics.X-CUBE-AZRTOS-H7.3.3.0
2025-05-17 07:53:27,129 [WARN] ConditionMgr:438 - getConditionDescription Invalid condition id : UX DEVICE CLASS RTOS Condition cause : null
2025-05-17 07:53:27,130 [WARN] ConditionMgr:438 - getConditionDescription Invalid condition id : UX DEVICE CLASS RTOS Condition cause : null
2025-05-17 07:53:27,134 [WARN] PackLoader:240 - Cannot read IP mode file for STMicroelectronics.X-CUBE-AZRTOS-WB.2.0.0
2025-05-17 07:53:27,135 [WARN] ConditionMgr:1044 - genDependencies : Invalid condition id : UX DEVICE CLASS RTOS Condition cause : null
2025-05-17 07:53:27,135 [WARN] ConditionMgr:1044 - genDependencies : Invalid condition id : UX DEVICE CLASS RTOS Condition cause : null
2025-05-17 07:53:27,136 [WARN] ConditionMgr:1044 - genDependencies : Invalid condition id : UX DEVICE CLASS RTOS Condition cause : null
2025-05-17 07:53:27,136 [WARN] ConditionMgr:1044 - genDependencies : Invalid condition id : UX DEVICE CLASS RTOS Condition cause : null
2025-05-17 07:53:27,136 [WARN] ConditionMgr:1044 - genDependencies : Invalid condition id : UX DEVICE CLASS RTOS Condition cause : null
2025-05-17 07:53:27,148 [WARN] PackLoader:240 - Cannot read IP mode file for STMicroelectronics.X-CUBE-GNSS1.7.0.1
2025-05-17 07:53:27,155 [WARN] PackLoader:240 - Cannot read IP mode file for STMicroelectronics.X-CUBE-TOUCHGFX.4.25.0
2025-05-17 07:53:27,160 [WARN] PackLoader:240 - Cannot read IP mode file for STMicroelectronics.FP-SNS-STBOX1.2.0.0
2025-05-17 07:53:27,174 [WARN] PackLoader:240 - Cannot read IP mode file for STMicroelectronics.X-CUBE-SUBG2.5.0.0
2025-05-17 07:53:27,205 [WARN] PackLoader:240 - Cannot read IP mode file for STMicroelectronics.X-CUBE-AZRTOS-H7RS.1.1.0
2025-05-17 07:53:27,214 [WARN] PackLoader:240 - Cannot read IP mode file for Cesanta.I-CUBE-Mongoose.7.13.0
2025-05-17 07:53:27,229 [WARN] PackLoader:240 - Cannot read IP mode file for STMicroelectronics.X-CUBE-AZRTOS-G4.2.0.0
2025-05-17 07:53:27,235 [WARN] PackLoader:240 - Cannot read IP mode file for wolfSSL.I-CUBE-wolfSSH.1.4.20
2025-05-17 07:53:27,244 [WARN] PackLoader:240 - Cannot read IP mode file for STMicroelectronics.X-CUBE-NFC7.2.0.0
2025-05-17 07:53:27,266 [WARN] PackLoader:240 - Cannot read IP mode file for STMicroelectronics.X-CUBE-IPS.3.1.0
2025-05-17 07:53:27,284 [WARN] PackLoader:240 - Cannot read IP mode file for STMicroelectronics.X-CUBE-ALS.1.0.2
2025-05-17 07:53:27,294 [WARN] PackLoader:240 - Cannot read IP mode file for portGmbH.I-Cube-SoM-uGOAL.1.1.0
2025-05-17 07:53:27,311 [WARN] PackLoader:240 - Cannot read IP mode file for STMicroelectronics.X-CUBE-TOF1.3.4.3
2025-05-17 07:53:27,336 [INFO] ThirdParty:978 - Integrity check success = true
2025-05-17 07:53:27,336 [INFO] IntegrityCheckThread:100 - exiting critical section [integrity check]
2025-05-17 07:53:27,336 [INFO] IntegrityCheckThread:103 - End integrity checks thread
2025-05-17 07:53:30,744 [INFO] WebApp:169 - Instantiating new browser for Auth
2025-05-17 07:53:32,585 [INFO] WebApp:463 - Apply proxy settings
2025-05-17 07:53:32,608 [INFO] WebApp:508 - Chromium authenticates against Manually configured proxy
2025-05-17 07:53:32,630 [INFO] WebApp:516 - Username used for proxy authentication: 
2025-05-17 07:53:32,685 [INFO] WebApp:894 - Register for checkConnection events
2025-05-17 07:53:32,686 [INFO] WebApp:463 - Apply proxy settings
2025-05-17 07:53:32,689 [INFO] WebApp:508 - Chromium authenticates against Manually configured proxy
2025-05-17 07:53:32,690 [INFO] WebApp:516 - Username used for proxy authentication: 
2025-05-17 07:53:32,987 [INFO] WebApp:225 - Starting web application
2025-05-17 07:53:32,988 [INFO] WebApp:593 - Web application path used /Applications/STM32CubeIDE.app/Contents/Eclipse/plugins/com.st.stm32cube.common.mx_6.14.1.202504091515/db/plugins/mcufinder/reactClient1/index.html
2025-05-17 07:53:33,502 [INFO] WebApp:191 - Connection restablished
2025-05-17 14:33:23,943 [INFO] Activator:176 - 


2025-05-17 14:33:23,945 [INFO] Activator:177 - !SESSION log4j initialized
2025-05-17 14:33:28,811 [INFO] LogOutputStream:77 - [STDOUT_REDIRECT] 
2025-05-17 14:33:30,259 [ERROR] LogOutputStream:75 - [STDERR_REDIRECT] 
2025-05-17 14:33:33,205 [INFO] LogOutputStream:77 - [STDOUT_REDIRECT] 
2025-05-17 14:33:42,891 [INFO] ApplicationProperties:184 - Using Application install path: /Applications/STM32CubeIDE.app/Contents/Eclipse/plugins/com.st.stm32cube.common.mx_6.14.1.202504091515
2025-05-17 14:33:42,908 [INFO] DbMcusXml:78 - Set database path to: /Applications/STM32CubeIDE.app/Contents/Eclipse/plugins/com.st.stm32cube.common.mx_6.14.1.202504091515//db//mcu/
2025-05-17 14:33:42,908 [INFO] ApiDb:274 - Set plugin database path to: /Applications/STM32CubeIDE.app/Contents/Eclipse/plugins/com.st.stm32cube.common.mx_6.14.1.202504091515//db//plugins/boardmanager/
2025-05-17 14:33:42,908 [WARN] ApiDb:259 - Overriding images path with different value:  => /Applications/STM32CubeIDE.app/Contents/Eclipse/plugins/com.st.stm32cube.common.mx_6.14.1.202504091515//db//plugins/mcufinder/images/
2025-05-17 14:33:42,914 [INFO] ApiDb:250 - Set database path to: /Users/hmustf/.stmcufinder/plugins/mcufinder//mcu/
2025-05-17 14:33:42,915 [INFO] DbMcusAds:125 - Set database path to: /Users/hmustf/.stmcufinder/plugins/mcufinder//mcu/
2025-05-17 14:33:42,916 [INFO] CrossReferenceDbSqlite:203 - Set database path to: /Users/hmustf/.stmcufinder/plugins/mcufinder//mcu/cs/
2025-05-17 14:33:43,128 [INFO] RulesReader:64 - Compatibility file has been processed (302 Rules)
2025-05-17 14:33:43,370 [INFO] DbMcusXml:78 - Set database path to: /Applications/STM32CubeIDE.app/Contents/Eclipse/plugins/com.st.stm32cube.common.mx_6.14.1.202504091515//db//mcu/
2025-05-17 14:33:43,370 [INFO] ApiDb:274 - Set plugin database path to: /Applications/STM32CubeIDE.app/Contents/Eclipse/plugins/com.st.stm32cube.common.mx_6.14.1.202504091515//db//plugins/boardmanager/
2025-05-17 14:33:43,370 [INFO] ApiDb:261 - Set plugin images path to: /Applications/STM32CubeIDE.app/Contents/Eclipse/plugins/com.st.stm32cube.common.mx_6.14.1.202504091515//db//plugins/mcufinder/images/
2025-05-17 14:33:43,371 [WARN] DbFile:41 - Overriding database path with different value: /Users/hmustf/.stmcufinder/plugins/mcufinder/ => /Users/hmustf/.stmcufinder/plugins/mcufinder
2025-05-17 14:33:43,371 [INFO] ApiDb:250 - Set database path to: /Users/hmustf/.stmcufinder/plugins/mcufinder//mcu/
2025-05-17 14:33:43,371 [WARN] DbFile:41 - Overriding database path with different value: /Users/hmustf/.stmcufinder/plugins/mcufinder/ => /Users/hmustf/.stmcufinder/plugins/mcufinder
2025-05-17 14:33:43,371 [INFO] DbMcusAds:125 - Set database path to: /Users/hmustf/.stmcufinder/plugins/mcufinder//mcu/
2025-05-17 14:33:43,371 [WARN] DbFile:41 - Overriding database path with different value: /Users/hmustf/.stmcufinder/plugins/mcufinder/ => /Users/hmustf/.stmcufinder/plugins/mcufinder
2025-05-17 14:33:43,371 [WARN] DbFile:41 - Overriding database path with different value: /Users/hmustf/.stmcufinder/plugins/mcufinder/ => /Users/hmustf/.stmcufinder/plugins/mcufinder
2025-05-17 14:33:43,371 [INFO] CrossReferenceDbSqlite:203 - Set database path to: /Users/hmustf/.stmcufinder/plugins/mcufinder//mcu/cs/
2025-05-17 14:33:43,484 [INFO] MainPanel:272 - HeapMemory: 268435456
2025-05-17 14:33:44,277 [INFO] DbMcusXml:78 - Set database path to: /Applications/STM32CubeIDE.app/Contents/Eclipse/plugins/com.st.stm32cube.common.mx_6.14.1.202504091515//db//mcu/
2025-05-17 14:33:44,277 [INFO] ApiDb:274 - Set plugin database path to: /Applications/STM32CubeIDE.app/Contents/Eclipse/plugins/com.st.stm32cube.common.mx_6.14.1.202504091515//db//plugins/boardmanager/
2025-05-17 14:33:44,277 [INFO] ApiDb:261 - Set plugin images path to: /Applications/STM32CubeIDE.app/Contents/Eclipse/plugins/com.st.stm32cube.common.mx_6.14.1.202504091515//db//plugins/mcufinder/images/
2025-05-17 14:33:44,278 [WARN] DbFile:41 - Overriding database path with different value: /Users/hmustf/.stmcufinder/plugins/mcufinder/ => /Users/hmustf/.stmcufinder/plugins/mcufinder
2025-05-17 14:33:44,278 [INFO] ApiDb:250 - Set database path to: /Users/hmustf/.stmcufinder/plugins/mcufinder//mcu/
2025-05-17 14:33:44,278 [WARN] DbFile:41 - Overriding database path with different value: /Users/hmustf/.stmcufinder/plugins/mcufinder/ => /Users/hmustf/.stmcufinder/plugins/mcufinder
2025-05-17 14:33:44,278 [INFO] DbMcusAds:125 - Set database path to: /Users/hmustf/.stmcufinder/plugins/mcufinder//mcu/
2025-05-17 14:33:44,278 [WARN] DbFile:41 - Overriding database path with different value: /Users/hmustf/.stmcufinder/plugins/mcufinder/ => /Users/hmustf/.stmcufinder/plugins/mcufinder
2025-05-17 14:33:44,278 [WARN] DbFile:41 - Overriding database path with different value: /Users/hmustf/.stmcufinder/plugins/mcufinder/ => /Users/hmustf/.stmcufinder/plugins/mcufinder
2025-05-17 14:33:44,278 [INFO] CrossReferenceDbSqlite:203 - Set database path to: /Users/hmustf/.stmcufinder/plugins/mcufinder//mcu/cs/
2025-05-17 14:33:44,297 [INFO] ApplicationProperties:184 - Using Application install path: /Applications/STM32CubeIDE.app/Contents/Eclipse/plugins/com.st.stm32cube.common.mx_6.14.1.202504091515
2025-05-17 14:33:44,299 [INFO] PluginManage:196 - Search for loadable plugins [exclusion list=, ]
2025-05-17 14:33:44,302 [INFO] PluginManage:310 - Check plugin analytics
2025-05-17 14:33:44,614 [INFO] AnalyticsPlugin:253 - Accepted Software Licenses: 
2025-05-17 14:33:44,614 [INFO] AnalyticsPlugin:255 - Accepted CMSIS Pack Licenses: 
2025-05-17 14:33:44,614 [INFO] AnalyticsPlugin:257 - Accepted Firmware Licenses: 
2025-05-17 14:33:44,620 [INFO] PluginManage:359 - Loaded plugin analytics (category:tool,tabindex:-1)
2025-05-17 14:33:44,621 [INFO] PluginManage:310 - Check plugin cadmodel
2025-05-17 14:33:44,634 [INFO] CADModel:105 - Init CAD model plugin
2025-05-17 14:33:44,635 [INFO] PluginManage:359 - Loaded plugin cadmodel (category:power,tabindex:5)
2025-05-17 14:33:44,635 [INFO] PluginManage:310 - Check plugin clock
2025-05-17 14:33:44,698 [INFO] PluginManage:359 - Loaded plugin clock (category:base,tabindex:2)
2025-05-17 14:33:44,699 [INFO] PluginManage:310 - Check plugin ddr
2025-05-17 14:33:44,701 [INFO] PluginManage:359 - Loaded plugin ddr (category:tool,tabindex:6)
2025-05-17 14:33:44,702 [INFO] PluginManage:310 - Check plugin filemanager
2025-05-17 14:33:44,887 [INFO] PluginManage:359 - Loaded plugin filemanager (category:base,tabindex:10)
2025-05-17 14:33:44,888 [INFO] PluginManage:310 - Check plugin ipmanager
2025-05-17 14:33:44,897 [INFO] PluginManage:359 - Loaded plugin ipmanager (category:base,tabindex:5)
2025-05-17 14:33:44,897 [INFO] PluginManage:310 - Check plugin lpbam
2025-05-17 14:33:44,908 [INFO] PluginManage:359 - Loaded plugin lpbam (category:base,tabindex:0)
2025-05-17 14:33:44,908 [INFO] PluginManage:310 - Check plugin memorymap
2025-05-17 14:33:44,921 [INFO] PluginManage:359 - Loaded plugin memorymap (category:base,tabindex:4)
2025-05-17 14:33:44,921 [INFO] PluginManage:310 - Check plugin pinoutandconfiguration
2025-05-17 14:33:44,928 [INFO] PluginManage:359 - Loaded plugin pinoutandconfiguration (category:base,tabindex:1)
2025-05-17 14:33:44,929 [INFO] PluginManage:310 - Check plugin pinoutconfig
2025-05-17 14:33:45,031 [WARN] SupportedApi:132 - Cannot load RTOS API schema: s4s-elt-must-match.1: The content of 'definitions' must match (annotation?, (simpleType | complexType)?, (unique | key | keyref)*)). A problem was found starting at: attribute.
2025-05-17 14:33:45,202 [INFO] PluginManage:359 - Loaded plugin pinoutconfig (category:base,tabindex:0)
2025-05-17 14:33:45,203 [INFO] PluginManage:310 - Check plugin power
2025-05-17 14:33:45,218 [INFO] PluginManage:359 - Loaded plugin power (category:power,tabindex:4)
2025-05-17 14:33:45,218 [INFO] PluginManage:310 - Check plugin projectmanager
2025-05-17 14:33:45,250 [INFO] PluginManage:359 - Loaded plugin projectmanager (category:projectmanager,tabindex:4)
2025-05-17 14:33:45,250 [INFO] PluginManage:310 - Check plugin rif
2025-05-17 14:33:45,255 [INFO] PluginManage:359 - Loaded plugin rif (category:base,tabindex:3)
2025-05-17 14:33:45,255 [INFO] PluginManage:310 - Check plugin thirdparty
2025-05-17 14:33:45,415 [INFO] PluginManage:359 - Loaded plugin thirdparty (category:base,tabindex:-1)
2025-05-17 14:33:45,416 [INFO] PluginManage:310 - Check plugin tools
2025-05-17 14:33:45,415 [WARN] IntegrityCheckThread:84 - waiting for thirdparty lock release [integrity check]
2025-05-17 14:33:45,416 [INFO] IntegrityCheckThread:86 - entering critical section [integrity check]
2025-05-17 14:33:45,416 [INFO] ThirdPartyUpdaterWithRetryManager:70 - Updater plugin not ready yet. [1/15]
2025-05-17 14:33:45,418 [INFO] PluginManage:359 - Loaded plugin tools (category:base,tabindex:7)
2025-05-17 14:33:45,418 [INFO] PluginManage:310 - Check plugin tutovideos
2025-05-17 14:33:45,601 [INFO] PluginManage:359 - Loaded plugin tutovideos (category:base,tabindex:-1)
2025-05-17 14:33:45,601 [INFO] PluginManage:310 - Check plugin updater
2025-05-17 14:33:45,631 [INFO] PluginManage:359 - Loaded plugin updater (category:base,tabindex:12)
2025-05-17 14:33:45,631 [INFO] PluginManage:310 - Check plugin userauth
2025-05-17 14:33:45,636 [INFO] UserAuth:118 - Init User Auth plugin
2025-05-17 14:33:45,639 [INFO] PluginManage:359 - Loaded plugin userauth (category:base,tabindex:14)
2025-05-17 14:33:45,639 [INFO] PluginManage:283 - PluginManage : Loaded plugins [18]
2025-05-17 14:33:45,892 [INFO] PinOutPanel:1589 - setPackage(No Configuration,No Configuration)
2025-05-17 14:33:45,965 [INFO] CADModel:165 - CPN selected for project level
2025-05-17 14:33:45,965 [INFO] CADModel:114 - Register for checkConnection events
2025-05-17 14:33:45,976 [INFO] IPUIPlugin:80 - create IPUIPlugin
2025-05-17 14:33:45,977 [INFO] PluginManager:220 - loadIPPluginJar : add mdma
2025-05-17 14:33:45,983 [INFO] IPUIPlugin:80 - create IPUIPlugin
2025-05-17 14:33:45,983 [INFO] PluginManager:220 - loadIPPluginJar : add freertos
2025-05-17 14:33:45,987 [INFO] IPUIPlugin:80 - create IPUIPlugin
2025-05-17 14:33:45,987 [INFO] PluginManager:220 - loadIPPluginJar : add gic
2025-05-17 14:33:45,995 [INFO] IPUIPlugin:80 - create IPUIPlugin
2025-05-17 14:33:45,995 [INFO] PluginManager:220 - loadIPPluginJar : add adc
2025-05-17 14:33:45,997 [INFO] IPUIPlugin:80 - create IPUIPlugin
2025-05-17 14:33:45,997 [INFO] PluginManager:220 - loadIPPluginJar : add gtzc
2025-05-17 14:33:45,998 [INFO] IPUIPlugin:80 - create IPUIPlugin
2025-05-17 14:33:45,998 [INFO] PluginManager:220 - loadIPPluginJar : add quadspi
2025-05-17 14:33:46,004 [INFO] IPUIPlugin:80 - create IPUIPlugin
2025-05-17 14:33:46,004 [INFO] PluginManager:220 - loadIPPluginJar : add aes
2025-05-17 14:33:46,007 [INFO] IPUIPlugin:80 - create IPUIPlugin
2025-05-17 14:33:46,007 [INFO] PluginManager:220 - loadIPPluginJar : add pdm2pcm
2025-05-17 14:33:46,008 [INFO] IPUIPlugin:80 - create IPUIPlugin
2025-05-17 14:33:46,008 [INFO] PluginManager:220 - loadIPPluginJar : add hash
2025-05-17 14:33:46,009 [INFO] IPUIPlugin:80 - create IPUIPlugin
2025-05-17 14:33:46,009 [INFO] PluginManager:220 - loadIPPluginJar : add tim
2025-05-17 14:33:46,010 [INFO] IPUIPlugin:80 - create IPUIPlugin
2025-05-17 14:33:46,010 [INFO] PluginManager:220 - loadIPPluginJar : add tsc
2025-05-17 14:33:46,012 [INFO] IPUIPlugin:80 - create IPUIPlugin
2025-05-17 14:33:46,013 [INFO] PluginManager:220 - loadIPPluginJar : add extmemmanager
2025-05-17 14:33:46,015 [INFO] IPUIPlugin:80 - create IPUIPlugin
2025-05-17 14:33:46,015 [INFO] PluginManager:220 - loadIPPluginJar : add ts
2025-05-17 14:33:46,016 [INFO] IPUIPlugin:80 - create IPUIPlugin
2025-05-17 14:33:46,017 [INFO] PluginManager:220 - loadIPPluginJar : add radio
2025-05-17 14:33:46,018 [INFO] IPUIPlugin:80 - create IPUIPlugin
2025-05-17 14:33:46,018 [INFO] PluginManager:220 - loadIPPluginJar : add can
2025-05-17 14:33:46,020 [INFO] IPUIPlugin:80 - create IPUIPlugin
2025-05-17 14:33:46,020 [INFO] PluginManager:220 - loadIPPluginJar : add dma3
2025-05-17 14:33:46,021 [INFO] IPUIPlugin:80 - create IPUIPlugin
2025-05-17 14:33:46,021 [INFO] PluginManager:220 - loadIPPluginJar : add dfsdm
2025-05-17 14:33:46,022 [INFO] IPUIPlugin:80 - create IPUIPlugin
2025-05-17 14:33:46,022 [INFO] PluginManager:220 - loadIPPluginJar : add spi
2025-05-17 14:33:46,023 [INFO] IPUIPlugin:80 - create IPUIPlugin
2025-05-17 14:33:46,023 [INFO] PluginManager:220 - loadIPPluginJar : add gfxmmu
2025-05-17 14:33:46,025 [INFO] IPUIPlugin:80 - create IPUIPlugin
2025-05-17 14:33:46,025 [INFO] PluginManager:220 - loadIPPluginJar : add genericplugin
2025-05-17 14:33:46,027 [INFO] IPUIPlugin:80 - create IPUIPlugin
2025-05-17 14:33:46,027 [INFO] PluginManager:220 - loadIPPluginJar : add cryp
2025-05-17 14:33:46,030 [INFO] IPUIPlugin:80 - create IPUIPlugin
2025-05-17 14:33:46,030 [INFO] PluginManager:220 - loadIPPluginJar : add gpio
2025-05-17 14:33:46,032 [INFO] IPUIPlugin:80 - create IPUIPlugin
2025-05-17 14:33:46,033 [INFO] PluginManager:220 - loadIPPluginJar : add ddr_ctrl_phy
2025-05-17 14:33:46,034 [INFO] IPUIPlugin:80 - create IPUIPlugin
2025-05-17 14:33:46,034 [INFO] PluginManager:220 - loadIPPluginJar : add comp
2025-05-17 14:33:46,039 [INFO] IPUIPlugin:80 - create IPUIPlugin
2025-05-17 14:33:46,040 [INFO] PluginManager:220 - loadIPPluginJar : add tracer_emb
2025-05-17 14:33:46,042 [INFO] IPUIPlugin:80 - create IPUIPlugin
2025-05-17 14:33:46,042 [INFO] PluginManager:220 - loadIPPluginJar : add openamp
2025-05-17 14:33:46,046 [INFO] IPUIPlugin:80 - create IPUIPlugin
2025-05-17 14:33:46,046 [INFO] PluginManager:220 - loadIPPluginJar : add stm32_wpan
2025-05-17 14:33:46,050 [INFO] IPUIPlugin:80 - create IPUIPlugin
2025-05-17 14:33:46,053 [INFO] PluginManager:220 - loadIPPluginJar : add plateformsettings
2025-05-17 14:33:46,055 [INFO] IPUIPlugin:80 - create IPUIPlugin
2025-05-17 14:33:46,055 [INFO] PluginManager:220 - loadIPPluginJar : add ipddr
2025-05-17 14:33:46,059 [INFO] IPUIPlugin:80 - create IPUIPlugin
2025-05-17 14:33:46,060 [INFO] PluginManager:220 - loadIPPluginJar : add usart
2025-05-17 14:33:46,062 [INFO] IPUIPlugin:80 - create IPUIPlugin
2025-05-17 14:33:46,062 [INFO] PluginManager:220 - loadIPPluginJar : add ltdc
2025-05-17 14:33:46,065 [INFO] IPUIPlugin:80 - create IPUIPlugin
2025-05-17 14:33:46,065 [INFO] PluginManager:220 - loadIPPluginJar : add nvic
2025-05-17 14:33:46,066 [INFO] IPUIPlugin:80 - create IPUIPlugin
2025-05-17 14:33:46,066 [INFO] PluginManager:220 - loadIPPluginJar : add fatfs
2025-05-17 14:33:46,072 [INFO] IPUIPlugin:80 - create IPUIPlugin
2025-05-17 14:33:46,072 [INFO] PluginManager:220 - loadIPPluginJar : add linkedlist
2025-05-17 14:33:46,076 [INFO] IPUIPlugin:80 - create IPUIPlugin
2025-05-17 14:33:46,076 [INFO] PluginManager:220 - loadIPPluginJar : add dma
2025-05-17 14:33:46,080 [INFO] IPUIPlugin:80 - create IPUIPlugin
2025-05-17 14:33:46,080 [INFO] PluginManager:220 - loadIPPluginJar : add fmc
2025-05-17 14:33:46,081 [INFO] IPUIPlugin:80 - create IPUIPlugin
2025-05-17 14:33:46,081 [INFO] PluginManager:220 - loadIPPluginJar : add i2s
2025-05-17 14:33:46,082 [INFO] IPUIPlugin:80 - create IPUIPlugin
2025-05-17 14:33:46,082 [INFO] PluginManager:220 - loadIPPluginJar : add ucpd
2025-05-17 14:33:46,084 [INFO] IPUIPlugin:80 - create IPUIPlugin
2025-05-17 14:33:46,084 [INFO] PluginManager:220 - loadIPPluginJar : add lorawan
2025-05-17 14:33:46,088 [INFO] IPUIPlugin:80 - create IPUIPlugin
2025-05-17 14:33:46,088 [INFO] PluginManager:220 - loadIPPluginJar : add opamp
2025-05-17 14:33:46,091 [INFO] IPUIPlugin:80 - create IPUIPlugin
2025-05-17 14:33:46,092 [INFO] PluginManager:220 - loadIPPluginJar : add i3c
2025-05-17 14:33:46,095 [INFO] IPUIPlugin:80 - create IPUIPlugin
2025-05-17 14:33:46,097 [INFO] PluginManager:220 - loadIPPluginJar : add touchsensing
2025-05-17 14:33:46,100 [INFO] IPUIPlugin:80 - create IPUIPlugin
2025-05-17 14:33:46,100 [INFO] PluginManager:220 - loadIPPluginJar : add i2c
2025-05-17 14:33:46,102 [INFO] IPUIPlugin:80 - create IPUIPlugin
2025-05-17 14:33:46,102 [INFO] PluginManager:220 - loadIPPluginJar : add resmgrutility
2025-05-17 14:33:46,103 [INFO] IPUIPlugin:80 - create IPUIPlugin
2025-05-17 14:33:46,103 [INFO] PluginManager:220 - loadIPPluginJar : add sai
2025-05-17 14:33:46,105 [INFO] IPUIPlugin:80 - create IPUIPlugin
2025-05-17 14:33:46,105 [INFO] PluginManager:220 - loadIPPluginJar : add usbx
2025-05-17 14:33:46,226 [FATAL] Updater:351 - Updater called before beeing initialized
2025-05-17 14:33:46,282 [INFO] RulesReader:64 - Compatibility file has been processed (302 Rules)
2025-05-17 14:33:46,302 [INFO] RulesReader:64 - Compatibility file has been processed (302 Rules)
2025-05-17 14:33:46,317 [INFO] CADModel:165 - CPN selected for project level
2025-05-17 14:33:46,317 [INFO] CADModel:114 - Register for checkConnection events
2025-05-17 14:33:46,317 [FATAL] Updater:351 - Updater called before beeing initialized
2025-05-17 14:33:46,317 [ERROR] CADModel:125 - Updater not yet initialized, retry later 
2025-05-17 14:33:46,624 [FATAL] Updater:351 - Updater called before beeing initialized
2025-05-17 14:33:46,626 [INFO] CADModel:165 - CPN selected for project level
2025-05-17 14:33:46,626 [INFO] CADModel:114 - Register for checkConnection events
2025-05-17 14:33:46,626 [FATAL] Updater:351 - Updater called before beeing initialized
2025-05-17 14:33:46,626 [ERROR] CADModel:125 - Updater not yet initialized, retry later 
2025-05-17 14:33:46,629 [FATAL] Updater:351 - Updater called before beeing initialized
2025-05-17 14:33:46,792 [FATAL] Updater:351 - Updater called before beeing initialized
2025-05-17 14:33:46,798 [INFO] DbMcusAds:53 - JSON generation date=Wed May 07 12:07:55 TRT 2025 (1746608875187)
2025-05-17 14:33:46,799 [FATAL] Updater:351 - Updater called before beeing initialized
2025-05-17 14:33:46,874 [WARN] DetailPanel:346 - Failed to get advertising image, set to default
2025-05-17 14:33:47,123 [FATAL] Updater:351 - Updater called before beeing initialized
2025-05-17 14:33:47,127 [FATAL] Updater:351 - Updater called before beeing initialized
2025-05-17 14:33:47,127 [FATAL] Updater:351 - Updater called before beeing initialized
2025-05-17 14:33:47,127 [WARN] DetailPanel:346 - Failed to get advertising image, set to default
2025-05-17 14:33:47,131 [FATAL] Updater:351 - Updater called before beeing initialized
2025-05-17 14:33:47,187 [ERROR] Updater:1198 - MainUpdater not yet initialized. External WinMGr cannot be set.
2025-05-17 14:33:47,191 [INFO] Updater:1134 - Updater Version found : 6.14.1
2025-05-17 14:33:47,207 [INFO] ApplicationProperties:184 - Using Application install path: /Applications/STM32CubeIDE.app/Contents/Eclipse/plugins/com.st.stm32cube.common.mx_6.14.1.202504091515
2025-05-17 14:33:47,676 [INFO] MainUpdater:2872 - connection check result : 10
2025-05-17 14:33:47,677 [INFO] MainUpdater:289 - Updater Check For Update Now.
2025-05-17 14:33:47,677 [INFO] MicroXplorer:498 - Change Database Version : DB.6.0.141
2025-05-17 14:33:47,692 [INFO] McuFinderGlobals:63 - Set McuFinder mode to 2 (CubeIDE integrated)
2025-05-17 14:33:47,692 [INFO] UserAuth:171 - activating auth plugin
2025-05-17 14:33:47,715 [INFO] UserAuth:484 - Internet connection configuration mode: 1
2025-05-17 14:33:47,733 [INFO] JxBrowserEngine:152 - Initiate JxBrowser Engine with user profile folder
2025-05-17 14:33:47,956 [INFO] CheckServerUpdateThread:120 - End of CheckServer Thread
2025-05-17 14:33:48,691 [WARN] PackLoader:240 - Cannot read IP mode file for STMicroelectronics.FP-SNS-MOTENVWB1.1.4.0
2025-05-17 14:33:48,727 [WARN] PackLoader:240 - Cannot read IP mode file for STMicroelectronics.FP-ATR-ASTRA1.2.0.2
2025-05-17 14:33:48,749 [WARN] PackLoader:240 - Cannot read IP mode file for STMicroelectronics.X-CUBE-SMBUS.2.1.0
2025-05-17 14:33:48,804 [WARN] PackLoader:240 - Cannot read IP mode file for STMicroelectronics.X-CUBE-AZRTOS-F7.1.1.0
2025-05-17 14:33:48,855 [WARN] PackLoader:240 - Cannot read IP mode file for Infineon.AIROC-Wi-Fi-Bluetooth-STM32.1.7.0
2025-05-17 14:33:48,945 [WARN] PackLoader:240 - Cannot read IP mode file for STMicroelectronics.X-CUBE-DISPLAY.3.0.0
2025-05-17 14:33:48,978 [WARN] PackLoader:240 - Cannot read IP mode file for STMicroelectronics.X-CUBE-NFC10.1.0.0
2025-05-17 14:33:49,026 [WARN] PackLoader:240 - Cannot read IP mode file for STMicroelectronics.X-CUBE-BLEMGR.4.0.0
2025-05-17 14:33:49,052 [WARN] PackLoader:240 - Cannot read IP mode file for emotas.I-CUBE-CANOPEN.1.3.0
2025-05-17 14:33:49,065 [WARN] ConditionMgr:438 - getConditionDescription Invalid condition id : Cortex-A Device cause : null
2025-05-17 14:33:49,089 [WARN] ConditionMgr:1044 - genDependencies : Invalid condition id : Cortex-A Device cause : null
2025-05-17 14:33:49,091 [WARN] ConditionMgr:1044 - genDependencies : Invalid condition id : Cortex-A Device cause : null
2025-05-17 14:33:49,091 [WARN] ConditionMgr:1044 - genDependencies : Invalid condition id : Cortex-A Device cause : null
2025-05-17 14:33:49,097 [WARN] PackLoader:240 - Cannot read IP mode file for STMicroelectronics.X-CUBE-AI.10.0.0
2025-05-17 14:33:49,105 [WARN] PackLoader:240 - Cannot read IP mode file for STMicroelectronics.FP-SNS-SMARTAG2.1.2.0
2025-05-17 14:33:49,112 [WARN] PackLoader:240 - Cannot read IP mode file for STMicroelectronics.FP-SNS-FLIGHT1.5.1.0
2025-05-17 14:33:49,131 [INFO] LogOutputStream:77 - [STDOUT_REDIRECT] 1 : Invalid condition id : UX_CORESTACK_Condition cause : null
2025-05-17 14:33:49,132 [INFO] LogOutputStream:77 - [STDOUT_REDIRECT] 1 : Invalid condition id : UX_CORESTACK_Condition cause : null
2025-05-17 14:33:49,133 [INFO] LogOutputStream:77 - [STDOUT_REDIRECT] 1 : Invalid condition id : UX_CORESTACK_Condition cause : null
2025-05-17 14:33:49,133 [INFO] LogOutputStream:77 - [STDOUT_REDIRECT] 1 : Invalid condition id : UX_CORESTACK_Condition cause : null
2025-05-17 14:33:49,134 [INFO] LogOutputStream:77 - [STDOUT_REDIRECT] 1 : Invalid condition id : UX_CORESTACK_Condition cause : null
2025-05-17 14:33:49,141 [WARN] PackLoader:240 - Cannot read IP mode file for STMicroelectronics.X-CUBE-AZRTOS-WL.2.0.0
2025-05-17 14:33:49,156 [WARN] PackLoader:240 - Cannot read IP mode file for STMicroelectronics.FP-SNS-MOTENV1.5.0.0
2025-05-17 14:33:49,175 [WARN] PackLoader:240 - Cannot read IP mode file for WES.I-CUBE-Cesium.1.3.0
2025-05-17 14:33:49,184 [WARN] PackLoader:240 - Cannot read IP mode file for STMicroelectronics.X-CUBE-BLE2.3.3.0
2025-05-17 14:33:49,194 [WARN] PackLoader:240 - Cannot read IP mode file for STMicroelectronics.X-CUBE-NFC9.1.0.0
2025-05-17 14:33:49,209 [WARN] PackLoader:240 - Cannot read IP mode file for STMicroelectronics.X-CUBE-BLE1.7.1.0
2025-05-17 14:33:49,216 [WARN] PackLoader:240 - Cannot read IP mode file for wolfSSL.I-CUBE-wolfMQTT.1.19.2
2025-05-17 14:33:49,613 [WARN] PackLoader:240 - Cannot read IP mode file for STMicroelectronics.X-CUBE-MEMS1.11.2.0
2025-05-17 14:33:50,035 [WARN] PackLoader:240 - Cannot read IP mode file for STMicroelectronics.X-CUBE-AZRTOS-G0.1.1.0
2025-05-17 14:33:50,110 [WARN] PackLoader:240 - Cannot read IP mode file for STMicroelectronics.X-CUBE-SAFEA1.1.2.2
2025-05-17 14:33:50,133 [WARN] PackLoader:240 - Cannot read IP mode file for STMicroelectronics.X-CUBE-NFC4.3.0.0
2025-05-17 14:33:50,160 [WARN] PackLoader:240 - Cannot read IP mode file for EmbeddedOffice.I-CUBE-FS-RTOS.1.0.1
2025-05-17 14:33:50,204 [WARN] PackLoader:240 - Cannot read IP mode file for STMicroelectronics.X-CUBE-WB05N.2.0.0
2025-05-17 14:33:50,231 [WARN] PackLoader:240 - Cannot read IP mode file for wolfSSL.I-CUBE-wolfTPM.3.8.0
2025-05-17 14:33:50,241 [WARN] PackLoader:240 - Cannot read IP mode file for STMicroelectronics.X-CUBE-TCPP.4.2.0
2025-05-17 14:33:50,251 [WARN] PackLoader:240 - Cannot read IP mode file for RealThread.X-CUBE-RT-Thread_Nano.4.1.1
2025-05-17 14:33:50,257 [WARN] PackLoader:240 - Cannot read IP mode file for STMicroelectronics.FP-ATR-SIGFOX1.3.2.0
2025-05-17 14:33:50,264 [WARN] PackLoader:240 - Cannot read IP mode file for STMicroelectronics.X-CUBE-EEPRMA1.5.1.0
2025-05-17 14:33:50,268 [WARN] PackLoader:240 - Cannot read IP mode file for wolfSSL.I-CUBE-wolfSSL.5.7.6
2025-05-17 14:33:50,276 [WARN] PackLoader:240 - Cannot read IP mode file for ITTIA_DB.I-CUBE-ITTIADB.8.9.0
2025-05-17 14:33:50,365 [WARN] PackLoader:240 - Cannot read IP mode file for SEGGER.I-CUBE-embOS.1.3.1
2025-05-17 14:33:50,415 [WARN] PackLoader:240 - Cannot read IP mode file for STMicroelectronics.X-CUBE-ALGOBUILD.1.4.0
2025-05-17 14:33:50,450 [WARN] PackLoader:240 - Cannot read IP mode file for STMicroelectronics.X-CUBE-AZRTOS-F4.1.1.0
2025-05-17 14:33:50,459 [WARN] PackLoader:240 - Cannot read IP mode file for Avnet-IotConnect.X-CUBE-IoTC-DA16k-PMOD.1.0.0
2025-05-17 14:33:50,462 [WARN] PackLoader:240 - Cannot read IP mode file for STMicroelectronics.X-CUBE-ISPU.2.1.0
2025-05-17 14:33:50,484 [WARN] PackLoader:240 - Cannot read IP mode file for STMicroelectronics.X-CUBE-AZRTOS-L5.2.0.0
2025-05-17 14:33:50,514 [WARN] PackLoader:240 - Cannot read IP mode file for STMicroelectronics.X-CUBE-NFC6.3.1.0
2025-05-17 14:33:50,526 [WARN] PackLoader:240 - Cannot read IP mode file for STMicroelectronics.X-CUBE-FREERTOS.1.3.0
2025-05-17 14:33:50,533 [WARN] PackLoader:240 - Cannot read IP mode file for STMicroelectronics.X-CUBE-DPower.1.3.0
2025-05-17 14:33:50,560 [WARN] ConditionMgr:438 - getConditionDescription Invalid condition id : LAN8742 Phy interface Condition cause : null
2025-05-17 14:33:50,562 [WARN] PackLoader:240 - Cannot read IP mode file for STMicroelectronics.X-CUBE-AZRTOS-L4.2.0.0
2025-05-17 14:33:50,566 [WARN] ConditionMgr:1044 - genDependencies : Invalid condition id : LAN8742 Phy interface Condition cause : null
2025-05-17 14:33:50,567 [WARN] ConditionMgr:1044 - genDependencies : Invalid condition id : LAN8742 Phy interface Condition cause : null
2025-05-17 14:33:50,571 [WARN] ConditionMgr:1044 - genDependencies : Invalid condition id : LAN8742 Phy interface Condition cause : null
2025-05-17 14:33:50,581 [WARN] PackLoader:240 - Cannot read IP mode file for STMicroelectronics.X-CUBE-SFXS2LP1.4.0.0
2025-05-17 14:33:50,613 [WARN] PackLoader:240 - Cannot read IP mode file for STMicroelectronics.X-CUBE-AZRTOS-H7.3.3.0
2025-05-17 14:33:50,638 [WARN] ConditionMgr:438 - getConditionDescription Invalid condition id : UX DEVICE CLASS RTOS Condition cause : null
2025-05-17 14:33:50,640 [WARN] ConditionMgr:438 - getConditionDescription Invalid condition id : UX DEVICE CLASS RTOS Condition cause : null
2025-05-17 14:33:50,644 [WARN] PackLoader:240 - Cannot read IP mode file for STMicroelectronics.X-CUBE-AZRTOS-WB.2.0.0
2025-05-17 14:33:50,645 [WARN] ConditionMgr:1044 - genDependencies : Invalid condition id : UX DEVICE CLASS RTOS Condition cause : null
2025-05-17 14:33:50,645 [WARN] ConditionMgr:1044 - genDependencies : Invalid condition id : UX DEVICE CLASS RTOS Condition cause : null
2025-05-17 14:33:50,646 [WARN] ConditionMgr:1044 - genDependencies : Invalid condition id : UX DEVICE CLASS RTOS Condition cause : null
2025-05-17 14:33:50,646 [WARN] ConditionMgr:1044 - genDependencies : Invalid condition id : UX DEVICE CLASS RTOS Condition cause : null
2025-05-17 14:33:50,646 [WARN] ConditionMgr:1044 - genDependencies : Invalid condition id : UX DEVICE CLASS RTOS Condition cause : null
2025-05-17 14:33:50,658 [WARN] PackLoader:240 - Cannot read IP mode file for STMicroelectronics.X-CUBE-GNSS1.7.0.1
2025-05-17 14:33:50,666 [WARN] PackLoader:240 - Cannot read IP mode file for STMicroelectronics.X-CUBE-TOUCHGFX.4.25.0
2025-05-17 14:33:50,673 [WARN] PackLoader:240 - Cannot read IP mode file for STMicroelectronics.FP-SNS-STBOX1.2.0.0
2025-05-17 14:33:50,687 [WARN] PackLoader:240 - Cannot read IP mode file for STMicroelectronics.X-CUBE-SUBG2.5.0.0
2025-05-17 14:33:50,713 [WARN] PackLoader:240 - Cannot read IP mode file for STMicroelectronics.X-CUBE-AZRTOS-H7RS.1.1.0
2025-05-17 14:33:50,736 [WARN] PackLoader:240 - Cannot read IP mode file for Cesanta.I-CUBE-Mongoose.7.13.0
2025-05-17 14:33:50,758 [WARN] PackLoader:240 - Cannot read IP mode file for STMicroelectronics.X-CUBE-AZRTOS-G4.2.0.0
2025-05-17 14:33:50,770 [WARN] PackLoader:240 - Cannot read IP mode file for wolfSSL.I-CUBE-wolfSSH.1.4.20
2025-05-17 14:33:50,778 [WARN] PackLoader:240 - Cannot read IP mode file for STMicroelectronics.X-CUBE-NFC7.2.0.0
2025-05-17 14:33:50,796 [WARN] PackLoader:240 - Cannot read IP mode file for STMicroelectronics.X-CUBE-IPS.3.1.0
2025-05-17 14:33:50,804 [WARN] PackLoader:240 - Cannot read IP mode file for STMicroelectronics.X-CUBE-ALS.1.0.2
2025-05-17 14:33:50,814 [WARN] PackLoader:240 - Cannot read IP mode file for portGmbH.I-Cube-SoM-uGOAL.1.1.0
2025-05-17 14:33:50,834 [WARN] PackLoader:240 - Cannot read IP mode file for STMicroelectronics.X-CUBE-TOF1.3.4.3
2025-05-17 14:33:50,855 [INFO] ThirdParty:978 - Integrity check success = true
2025-05-17 14:33:50,855 [INFO] IntegrityCheckThread:100 - exiting critical section [integrity check]
2025-05-17 14:33:50,855 [INFO] IntegrityCheckThread:103 - End integrity checks thread
2025-05-17 14:33:54,265 [INFO] WebApp:169 - Instantiating new browser for Auth
2025-05-17 14:33:56,319 [INFO] WebApp:463 - Apply proxy settings
2025-05-17 14:33:56,349 [INFO] WebApp:508 - Chromium authenticates against Manually configured proxy
2025-05-17 14:33:56,373 [INFO] WebApp:516 - Username used for proxy authentication: 
2025-05-17 14:33:56,429 [INFO] WebApp:894 - Register for checkConnection events
2025-05-17 14:33:56,439 [INFO] WebApp:463 - Apply proxy settings
2025-05-17 14:33:56,447 [INFO] WebApp:508 - Chromium authenticates against Manually configured proxy
2025-05-17 14:33:56,449 [INFO] WebApp:516 - Username used for proxy authentication: 
2025-05-17 14:33:56,900 [INFO] WebApp:225 - Starting web application
2025-05-17 14:33:56,901 [INFO] WebApp:593 - Web application path used /Applications/STM32CubeIDE.app/Contents/Eclipse/plugins/com.st.stm32cube.common.mx_6.14.1.202504091515/db/plugins/mcufinder/reactClient1/index.html
2025-05-17 14:33:57,600 [INFO] WebApp:191 - Connection restablished
