2025-05-14 19:11:31,721 [INFO] Activator:176 - 


2025-05-14 19:11:31,727 [INFO] Activator:177 - !SESSION log4j initialized
2025-05-14 19:11:36,402 [INFO] LogOutputStream:77 - [STDOUT_REDIRECT] 
2025-05-14 19:11:37,692 [ERROR] LogOutputStream:75 - [STDERR_REDIRECT] 
2025-05-14 19:11:40,065 [INFO] LogOutputStream:77 - [STDOUT_REDIRECT] 
2025-05-14 19:11:49,559 [INFO] ApplicationProperties:184 - Using Application install path: /Applications/STM32CubeIDE.app/Contents/Eclipse/plugins/com.st.stm32cube.common.mx_6.14.1.202504091515
2025-05-14 19:11:49,576 [INFO] DbMcusXml:78 - Set database path to: /Applications/STM32CubeIDE.app/Contents/Eclipse/plugins/com.st.stm32cube.common.mx_6.14.1.202504091515//db//mcu/
2025-05-14 19:11:49,576 [INFO] ApiDb:274 - Set plugin database path to: /Applications/STM32CubeIDE.app/Contents/Eclipse/plugins/com.st.stm32cube.common.mx_6.14.1.202504091515//db//plugins/boardmanager/
2025-05-14 19:11:49,578 [WARN] ApiDb:259 - Overriding images path with different value:  => /Applications/STM32CubeIDE.app/Contents/Eclipse/plugins/com.st.stm32cube.common.mx_6.14.1.202504091515//db//plugins/mcufinder/images/
2025-05-14 19:11:49,584 [INFO] ApiDb:250 - Set database path to: /Users/hmustf/.stmcufinder/plugins/mcufinder//mcu/
2025-05-14 19:11:49,585 [INFO] DbMcusAds:125 - Set database path to: /Users/hmustf/.stmcufinder/plugins/mcufinder//mcu/
2025-05-14 19:11:49,586 [INFO] CrossReferenceDbSqlite:203 - Set database path to: /Users/hmustf/.stmcufinder/plugins/mcufinder//mcu/cs/
2025-05-14 19:11:49,736 [INFO] RulesReader:64 - Compatibility file has been processed (302 Rules)
2025-05-14 19:11:49,832 [INFO] DbMcusXml:78 - Set database path to: /Applications/STM32CubeIDE.app/Contents/Eclipse/plugins/com.st.stm32cube.common.mx_6.14.1.202504091515//db//mcu/
2025-05-14 19:11:49,832 [INFO] ApiDb:274 - Set plugin database path to: /Applications/STM32CubeIDE.app/Contents/Eclipse/plugins/com.st.stm32cube.common.mx_6.14.1.202504091515//db//plugins/boardmanager/
2025-05-14 19:11:49,832 [INFO] ApiDb:261 - Set plugin images path to: /Applications/STM32CubeIDE.app/Contents/Eclipse/plugins/com.st.stm32cube.common.mx_6.14.1.202504091515//db//plugins/mcufinder/images/
2025-05-14 19:11:49,832 [WARN] DbFile:41 - Overriding database path with different value: /Users/hmustf/.stmcufinder/plugins/mcufinder/ => /Users/hmustf/.stmcufinder/plugins/mcufinder
2025-05-14 19:11:49,833 [INFO] ApiDb:250 - Set database path to: /Users/hmustf/.stmcufinder/plugins/mcufinder//mcu/
2025-05-14 19:11:49,833 [WARN] DbFile:41 - Overriding database path with different value: /Users/hmustf/.stmcufinder/plugins/mcufinder/ => /Users/hmustf/.stmcufinder/plugins/mcufinder
2025-05-14 19:11:49,833 [INFO] DbMcusAds:125 - Set database path to: /Users/hmustf/.stmcufinder/plugins/mcufinder//mcu/
2025-05-14 19:11:49,833 [WARN] DbFile:41 - Overriding database path with different value: /Users/hmustf/.stmcufinder/plugins/mcufinder/ => /Users/hmustf/.stmcufinder/plugins/mcufinder
2025-05-14 19:11:49,833 [WARN] DbFile:41 - Overriding database path with different value: /Users/hmustf/.stmcufinder/plugins/mcufinder/ => /Users/hmustf/.stmcufinder/plugins/mcufinder
2025-05-14 19:11:49,833 [INFO] CrossReferenceDbSqlite:203 - Set database path to: /Users/hmustf/.stmcufinder/plugins/mcufinder//mcu/cs/
2025-05-14 19:11:49,946 [INFO] MainPanel:272 - HeapMemory: 268435456
2025-05-14 19:11:50,741 [INFO] DbMcusXml:78 - Set database path to: /Applications/STM32CubeIDE.app/Contents/Eclipse/plugins/com.st.stm32cube.common.mx_6.14.1.202504091515//db//mcu/
2025-05-14 19:11:50,741 [INFO] ApiDb:274 - Set plugin database path to: /Applications/STM32CubeIDE.app/Contents/Eclipse/plugins/com.st.stm32cube.common.mx_6.14.1.202504091515//db//plugins/boardmanager/
2025-05-14 19:11:50,741 [INFO] ApiDb:261 - Set plugin images path to: /Applications/STM32CubeIDE.app/Contents/Eclipse/plugins/com.st.stm32cube.common.mx_6.14.1.202504091515//db//plugins/mcufinder/images/
2025-05-14 19:11:50,743 [WARN] DbFile:41 - Overriding database path with different value: /Users/hmustf/.stmcufinder/plugins/mcufinder/ => /Users/hmustf/.stmcufinder/plugins/mcufinder
2025-05-14 19:11:50,743 [INFO] ApiDb:250 - Set database path to: /Users/hmustf/.stmcufinder/plugins/mcufinder//mcu/
2025-05-14 19:11:50,743 [WARN] DbFile:41 - Overriding database path with different value: /Users/hmustf/.stmcufinder/plugins/mcufinder/ => /Users/hmustf/.stmcufinder/plugins/mcufinder
2025-05-14 19:11:50,744 [INFO] DbMcusAds:125 - Set database path to: /Users/hmustf/.stmcufinder/plugins/mcufinder//mcu/
2025-05-14 19:11:50,744 [WARN] DbFile:41 - Overriding database path with different value: /Users/hmustf/.stmcufinder/plugins/mcufinder/ => /Users/hmustf/.stmcufinder/plugins/mcufinder
2025-05-14 19:11:50,744 [WARN] DbFile:41 - Overriding database path with different value: /Users/hmustf/.stmcufinder/plugins/mcufinder/ => /Users/hmustf/.stmcufinder/plugins/mcufinder
2025-05-14 19:11:50,744 [INFO] CrossReferenceDbSqlite:203 - Set database path to: /Users/hmustf/.stmcufinder/plugins/mcufinder//mcu/cs/
2025-05-14 19:11:50,766 [INFO] ApplicationProperties:184 - Using Application install path: /Applications/STM32CubeIDE.app/Contents/Eclipse/plugins/com.st.stm32cube.common.mx_6.14.1.202504091515
2025-05-14 19:11:50,767 [INFO] PluginManage:196 - Search for loadable plugins [exclusion list=, ]
2025-05-14 19:11:50,769 [INFO] PluginManage:310 - Check plugin analytics
2025-05-14 19:11:51,093 [INFO] AnalyticsPlugin:253 - Accepted Software Licenses: 
2025-05-14 19:11:51,094 [INFO] AnalyticsPlugin:255 - Accepted CMSIS Pack Licenses: 
2025-05-14 19:11:51,094 [INFO] AnalyticsPlugin:257 - Accepted Firmware Licenses: 
2025-05-14 19:11:51,105 [INFO] PluginManage:359 - Loaded plugin analytics (category:tool,tabindex:-1)
2025-05-14 19:11:51,108 [INFO] PluginManage:310 - Check plugin cadmodel
2025-05-14 19:11:51,126 [INFO] CADModel:105 - Init CAD model plugin
2025-05-14 19:11:51,126 [INFO] PluginManage:359 - Loaded plugin cadmodel (category:power,tabindex:5)
2025-05-14 19:11:51,127 [INFO] PluginManage:310 - Check plugin clock
2025-05-14 19:11:51,140 [INFO] PluginManage:359 - Loaded plugin clock (category:base,tabindex:2)
2025-05-14 19:11:51,140 [INFO] PluginManage:310 - Check plugin ddr
2025-05-14 19:11:51,143 [INFO] PluginManage:359 - Loaded plugin ddr (category:tool,tabindex:6)
2025-05-14 19:11:51,144 [INFO] PluginManage:310 - Check plugin filemanager
2025-05-14 19:11:51,376 [INFO] PluginManage:359 - Loaded plugin filemanager (category:base,tabindex:10)
2025-05-14 19:11:51,377 [INFO] PluginManage:310 - Check plugin ipmanager
2025-05-14 19:11:51,391 [INFO] PluginManage:359 - Loaded plugin ipmanager (category:base,tabindex:5)
2025-05-14 19:11:51,392 [INFO] PluginManage:310 - Check plugin lpbam
2025-05-14 19:11:51,406 [INFO] PluginManage:359 - Loaded plugin lpbam (category:base,tabindex:0)
2025-05-14 19:11:51,406 [INFO] PluginManage:310 - Check plugin memorymap
2025-05-14 19:11:51,420 [INFO] PluginManage:359 - Loaded plugin memorymap (category:base,tabindex:4)
2025-05-14 19:11:51,420 [INFO] PluginManage:310 - Check plugin pinoutandconfiguration
2025-05-14 19:11:51,439 [INFO] PluginManage:359 - Loaded plugin pinoutandconfiguration (category:base,tabindex:1)
2025-05-14 19:11:51,439 [INFO] PluginManage:310 - Check plugin pinoutconfig
2025-05-14 19:11:51,705 [WARN] SupportedApi:132 - Cannot load RTOS API schema: s4s-elt-must-match.1: The content of 'definitions' must match (annotation?, (simpleType | complexType)?, (unique | key | keyref)*)). A problem was found starting at: attribute.
2025-05-14 19:11:52,068 [INFO] PluginManage:359 - Loaded plugin pinoutconfig (category:base,tabindex:0)
2025-05-14 19:11:52,069 [INFO] PluginManage:310 - Check plugin power
2025-05-14 19:11:52,085 [INFO] PluginManage:359 - Loaded plugin power (category:power,tabindex:4)
2025-05-14 19:11:52,085 [INFO] PluginManage:310 - Check plugin projectmanager
2025-05-14 19:11:52,127 [INFO] PluginManage:359 - Loaded plugin projectmanager (category:projectmanager,tabindex:4)
2025-05-14 19:11:52,127 [INFO] PluginManage:310 - Check plugin rif
2025-05-14 19:11:52,136 [INFO] PluginManage:359 - Loaded plugin rif (category:base,tabindex:3)
2025-05-14 19:11:52,137 [INFO] PluginManage:310 - Check plugin thirdparty
2025-05-14 19:11:52,417 [INFO] PluginManage:359 - Loaded plugin thirdparty (category:base,tabindex:-1)
2025-05-14 19:11:52,417 [INFO] PluginManage:310 - Check plugin tools
2025-05-14 19:11:52,417 [WARN] IntegrityCheckThread:84 - waiting for thirdparty lock release [integrity check]
2025-05-14 19:11:52,419 [INFO] IntegrityCheckThread:86 - entering critical section [integrity check]
2025-05-14 19:11:52,419 [INFO] ThirdPartyUpdaterWithRetryManager:70 - Updater plugin not ready yet. [1/15]
2025-05-14 19:11:52,420 [INFO] PluginManage:359 - Loaded plugin tools (category:base,tabindex:7)
2025-05-14 19:11:52,420 [INFO] PluginManage:310 - Check plugin tutovideos
2025-05-14 19:11:52,905 [INFO] PluginManage:359 - Loaded plugin tutovideos (category:base,tabindex:-1)
2025-05-14 19:11:52,906 [INFO] PluginManage:310 - Check plugin updater
2025-05-14 19:11:52,968 [INFO] PluginManage:359 - Loaded plugin updater (category:base,tabindex:12)
2025-05-14 19:11:52,969 [INFO] PluginManage:310 - Check plugin userauth
2025-05-14 19:11:52,974 [INFO] UserAuth:118 - Init User Auth plugin
2025-05-14 19:11:52,977 [INFO] PluginManage:359 - Loaded plugin userauth (category:base,tabindex:14)
2025-05-14 19:11:52,978 [INFO] PluginManage:283 - PluginManage : Loaded plugins [18]
2025-05-14 19:11:53,315 [INFO] PinOutPanel:1589 - setPackage(No Configuration,No Configuration)
2025-05-14 19:11:53,406 [INFO] CADModel:165 - CPN selected for project level
2025-05-14 19:11:53,407 [INFO] CADModel:114 - Register for checkConnection events
2025-05-14 19:11:53,421 [INFO] IPUIPlugin:80 - create IPUIPlugin
2025-05-14 19:11:53,422 [INFO] PluginManager:220 - loadIPPluginJar : add mdma
2025-05-14 19:11:53,430 [INFO] IPUIPlugin:80 - create IPUIPlugin
2025-05-14 19:11:53,430 [INFO] PluginManager:220 - loadIPPluginJar : add freertos
2025-05-14 19:11:53,434 [INFO] IPUIPlugin:80 - create IPUIPlugin
2025-05-14 19:11:53,435 [INFO] PluginManager:220 - loadIPPluginJar : add gic
2025-05-14 19:11:53,443 [INFO] IPUIPlugin:80 - create IPUIPlugin
2025-05-14 19:11:53,444 [INFO] PluginManager:220 - loadIPPluginJar : add adc
2025-05-14 19:11:53,446 [INFO] IPUIPlugin:80 - create IPUIPlugin
2025-05-14 19:11:53,446 [INFO] PluginManager:220 - loadIPPluginJar : add gtzc
2025-05-14 19:11:53,446 [INFO] IPUIPlugin:80 - create IPUIPlugin
2025-05-14 19:11:53,446 [INFO] PluginManager:220 - loadIPPluginJar : add quadspi
2025-05-14 19:11:53,448 [INFO] IPUIPlugin:80 - create IPUIPlugin
2025-05-14 19:11:53,448 [INFO] PluginManager:220 - loadIPPluginJar : add aes
2025-05-14 19:11:53,449 [INFO] IPUIPlugin:80 - create IPUIPlugin
2025-05-14 19:11:53,449 [INFO] PluginManager:220 - loadIPPluginJar : add pdm2pcm
2025-05-14 19:11:53,450 [INFO] IPUIPlugin:80 - create IPUIPlugin
2025-05-14 19:11:53,450 [INFO] PluginManager:220 - loadIPPluginJar : add hash
2025-05-14 19:11:53,451 [INFO] IPUIPlugin:80 - create IPUIPlugin
2025-05-14 19:11:53,452 [INFO] PluginManager:220 - loadIPPluginJar : add tim
2025-05-14 19:11:53,453 [INFO] IPUIPlugin:80 - create IPUIPlugin
2025-05-14 19:11:53,453 [INFO] PluginManager:220 - loadIPPluginJar : add tsc
2025-05-14 19:11:53,455 [INFO] IPUIPlugin:80 - create IPUIPlugin
2025-05-14 19:11:53,455 [INFO] PluginManager:220 - loadIPPluginJar : add extmemmanager
2025-05-14 19:11:53,456 [INFO] IPUIPlugin:80 - create IPUIPlugin
2025-05-14 19:11:53,456 [INFO] PluginManager:220 - loadIPPluginJar : add ts
2025-05-14 19:11:53,457 [INFO] IPUIPlugin:80 - create IPUIPlugin
2025-05-14 19:11:53,457 [INFO] PluginManager:220 - loadIPPluginJar : add radio
2025-05-14 19:11:53,460 [INFO] IPUIPlugin:80 - create IPUIPlugin
2025-05-14 19:11:53,460 [INFO] PluginManager:220 - loadIPPluginJar : add can
2025-05-14 19:11:53,461 [INFO] IPUIPlugin:80 - create IPUIPlugin
2025-05-14 19:11:53,461 [INFO] PluginManager:220 - loadIPPluginJar : add dma3
2025-05-14 19:11:53,462 [INFO] IPUIPlugin:80 - create IPUIPlugin
2025-05-14 19:11:53,462 [INFO] PluginManager:220 - loadIPPluginJar : add dfsdm
2025-05-14 19:11:53,464 [INFO] IPUIPlugin:80 - create IPUIPlugin
2025-05-14 19:11:53,464 [INFO] PluginManager:220 - loadIPPluginJar : add spi
2025-05-14 19:11:53,466 [INFO] IPUIPlugin:80 - create IPUIPlugin
2025-05-14 19:11:53,466 [INFO] PluginManager:220 - loadIPPluginJar : add gfxmmu
2025-05-14 19:11:53,467 [INFO] IPUIPlugin:80 - create IPUIPlugin
2025-05-14 19:11:53,467 [INFO] PluginManager:220 - loadIPPluginJar : add genericplugin
2025-05-14 19:11:53,469 [INFO] IPUIPlugin:80 - create IPUIPlugin
2025-05-14 19:11:53,470 [INFO] PluginManager:220 - loadIPPluginJar : add cryp
2025-05-14 19:11:53,473 [INFO] IPUIPlugin:80 - create IPUIPlugin
2025-05-14 19:11:53,473 [INFO] PluginManager:220 - loadIPPluginJar : add gpio
2025-05-14 19:11:53,475 [INFO] IPUIPlugin:80 - create IPUIPlugin
2025-05-14 19:11:53,475 [INFO] PluginManager:220 - loadIPPluginJar : add ddr_ctrl_phy
2025-05-14 19:11:53,476 [INFO] IPUIPlugin:80 - create IPUIPlugin
2025-05-14 19:11:53,477 [INFO] PluginManager:220 - loadIPPluginJar : add comp
2025-05-14 19:11:53,479 [INFO] IPUIPlugin:80 - create IPUIPlugin
2025-05-14 19:11:53,479 [INFO] PluginManager:220 - loadIPPluginJar : add tracer_emb
2025-05-14 19:11:53,481 [INFO] IPUIPlugin:80 - create IPUIPlugin
2025-05-14 19:11:53,481 [INFO] PluginManager:220 - loadIPPluginJar : add openamp
2025-05-14 19:11:53,486 [INFO] IPUIPlugin:80 - create IPUIPlugin
2025-05-14 19:11:53,486 [INFO] PluginManager:220 - loadIPPluginJar : add stm32_wpan
2025-05-14 19:11:53,492 [INFO] IPUIPlugin:80 - create IPUIPlugin
2025-05-14 19:11:53,493 [INFO] PluginManager:220 - loadIPPluginJar : add plateformsettings
2025-05-14 19:11:53,497 [INFO] IPUIPlugin:80 - create IPUIPlugin
2025-05-14 19:11:53,497 [INFO] PluginManager:220 - loadIPPluginJar : add ipddr
2025-05-14 19:11:53,500 [INFO] IPUIPlugin:80 - create IPUIPlugin
2025-05-14 19:11:53,500 [INFO] PluginManager:220 - loadIPPluginJar : add usart
2025-05-14 19:11:53,501 [INFO] IPUIPlugin:80 - create IPUIPlugin
2025-05-14 19:11:53,501 [INFO] PluginManager:220 - loadIPPluginJar : add ltdc
2025-05-14 19:11:53,504 [INFO] IPUIPlugin:80 - create IPUIPlugin
2025-05-14 19:11:53,504 [INFO] PluginManager:220 - loadIPPluginJar : add nvic
2025-05-14 19:11:53,506 [INFO] IPUIPlugin:80 - create IPUIPlugin
2025-05-14 19:11:53,506 [INFO] PluginManager:220 - loadIPPluginJar : add fatfs
2025-05-14 19:11:53,512 [INFO] IPUIPlugin:80 - create IPUIPlugin
2025-05-14 19:11:53,512 [INFO] PluginManager:220 - loadIPPluginJar : add linkedlist
2025-05-14 19:11:53,516 [INFO] IPUIPlugin:80 - create IPUIPlugin
2025-05-14 19:11:53,516 [INFO] PluginManager:220 - loadIPPluginJar : add dma
2025-05-14 19:11:53,519 [INFO] IPUIPlugin:80 - create IPUIPlugin
2025-05-14 19:11:53,519 [INFO] PluginManager:220 - loadIPPluginJar : add fmc
2025-05-14 19:11:53,520 [INFO] IPUIPlugin:80 - create IPUIPlugin
2025-05-14 19:11:53,521 [INFO] PluginManager:220 - loadIPPluginJar : add i2s
2025-05-14 19:11:53,522 [INFO] IPUIPlugin:80 - create IPUIPlugin
2025-05-14 19:11:53,522 [INFO] PluginManager:220 - loadIPPluginJar : add ucpd
2025-05-14 19:11:53,524 [INFO] IPUIPlugin:80 - create IPUIPlugin
2025-05-14 19:11:53,524 [INFO] PluginManager:220 - loadIPPluginJar : add lorawan
2025-05-14 19:11:53,526 [INFO] IPUIPlugin:80 - create IPUIPlugin
2025-05-14 19:11:53,526 [INFO] PluginManager:220 - loadIPPluginJar : add opamp
2025-05-14 19:11:53,528 [INFO] IPUIPlugin:80 - create IPUIPlugin
2025-05-14 19:11:53,529 [INFO] PluginManager:220 - loadIPPluginJar : add i3c
2025-05-14 19:11:53,532 [INFO] IPUIPlugin:80 - create IPUIPlugin
2025-05-14 19:11:53,537 [INFO] PluginManager:220 - loadIPPluginJar : add touchsensing
2025-05-14 19:11:53,540 [INFO] IPUIPlugin:80 - create IPUIPlugin
2025-05-14 19:11:53,540 [INFO] PluginManager:220 - loadIPPluginJar : add i2c
2025-05-14 19:11:53,543 [INFO] IPUIPlugin:80 - create IPUIPlugin
2025-05-14 19:11:53,543 [INFO] PluginManager:220 - loadIPPluginJar : add resmgrutility
2025-05-14 19:11:53,545 [INFO] IPUIPlugin:80 - create IPUIPlugin
2025-05-14 19:11:53,545 [INFO] PluginManager:220 - loadIPPluginJar : add sai
2025-05-14 19:11:53,547 [INFO] IPUIPlugin:80 - create IPUIPlugin
2025-05-14 19:11:53,547 [INFO] PluginManager:220 - loadIPPluginJar : add usbx
2025-05-14 19:11:53,679 [FATAL] Updater:351 - Updater called before beeing initialized
2025-05-14 19:11:53,736 [INFO] RulesReader:64 - Compatibility file has been processed (302 Rules)
2025-05-14 19:11:53,749 [INFO] RulesReader:64 - Compatibility file has been processed (302 Rules)
2025-05-14 19:11:53,761 [INFO] CADModel:165 - CPN selected for project level
2025-05-14 19:11:53,761 [INFO] CADModel:114 - Register for checkConnection events
2025-05-14 19:11:53,761 [FATAL] Updater:351 - Updater called before beeing initialized
2025-05-14 19:11:53,761 [ERROR] CADModel:125 - Updater not yet initialized, retry later 
2025-05-14 19:11:54,114 [FATAL] Updater:351 - Updater called before beeing initialized
2025-05-14 19:11:54,115 [INFO] CADModel:165 - CPN selected for project level
2025-05-14 19:11:54,115 [INFO] CADModel:114 - Register for checkConnection events
2025-05-14 19:11:54,115 [FATAL] Updater:351 - Updater called before beeing initialized
2025-05-14 19:11:54,115 [ERROR] CADModel:125 - Updater not yet initialized, retry later 
2025-05-14 19:11:54,118 [FATAL] Updater:351 - Updater called before beeing initialized
2025-05-14 19:11:54,288 [FATAL] Updater:351 - Updater called before beeing initialized
2025-05-14 19:11:54,292 [INFO] DbMcusAds:53 - JSON generation date=Wed May 07 12:07:55 TRT 2025 (1746608875187)
2025-05-14 19:11:54,293 [FATAL] Updater:351 - Updater called before beeing initialized
2025-05-14 19:11:54,360 [WARN] DetailPanel:346 - Failed to get advertising image, set to default
2025-05-14 19:11:54,654 [FATAL] Updater:351 - Updater called before beeing initialized
2025-05-14 19:11:54,660 [FATAL] Updater:351 - Updater called before beeing initialized
2025-05-14 19:11:54,660 [FATAL] Updater:351 - Updater called before beeing initialized
2025-05-14 19:11:54,661 [WARN] DetailPanel:346 - Failed to get advertising image, set to default
2025-05-14 19:11:54,665 [FATAL] Updater:351 - Updater called before beeing initialized
2025-05-14 19:11:54,736 [ERROR] Updater:1198 - MainUpdater not yet initialized. External WinMGr cannot be set.
2025-05-14 19:11:54,740 [INFO] Updater:1134 - Updater Version found : 6.14.1
2025-05-14 19:11:54,756 [INFO] ApplicationProperties:184 - Using Application install path: /Applications/STM32CubeIDE.app/Contents/Eclipse/plugins/com.st.stm32cube.common.mx_6.14.1.202504091515
2025-05-14 19:11:55,303 [INFO] MainUpdater:2872 - connection check result : 10
2025-05-14 19:11:55,304 [INFO] MainUpdater:3566 - Updater definition file requires update
2025-05-14 19:11:55,305 [INFO] MainUpdater:289 - Updater Check For Update Now.
2025-05-14 19:11:55,305 [INFO] MicroXplorer:498 - Change Database Version : DB.6.0.141
2025-05-14 19:11:55,319 [INFO] McuFinderGlobals:63 - Set McuFinder mode to 2 (CubeIDE integrated)
2025-05-14 19:11:55,319 [INFO] UserAuth:171 - activating auth plugin
2025-05-14 19:11:55,393 [INFO] ServerAccessManage:473 - Download File updaters.zip
2025-05-14 19:11:55,421 [WARN] MainUpdater:1193 - Updater busy. Cannot search thirdparties
2025-05-14 19:11:55,421 [INFO] ThirdPartyUpdaterWithRetryManager:96 - Updater plugin is busy. [1/15]
2025-05-14 19:11:55,494 [INFO] UserAuth:484 - Internet connection configuration mode: 1
2025-05-14 19:11:55,520 [INFO] JxBrowserEngine:152 - Initiate JxBrowser Engine with user profile folder
2025-05-14 19:11:56,234 [INFO] FileExtend:242 - Unzip File : updaters.zip
2025-05-14 19:11:56,251 [INFO] FileExtend:257 - Standard Zip Deflate
2025-05-14 19:11:56,613 [INFO] ServerAccessManage:473 - Download File PacksControlFlags.xml
2025-05-14 19:11:56,793 [INFO] ServerAccessManage:473 - Download File cubemx.pidx
2025-05-14 19:11:57,103 [INFO] LoadServerUpdatesThread:375 - End of LoadServerUpdate Thread
2025-05-14 19:11:57,350 [INFO] CheckServerUpdateThread:120 - End of CheckServer Thread
2025-05-14 19:11:58,680 [WARN] PackLoader:240 - Cannot read IP mode file for STMicroelectronics.FP-SNS-MOTENVWB1.1.4.0
2025-05-14 19:11:58,707 [WARN] PackLoader:240 - Cannot read IP mode file for STMicroelectronics.FP-ATR-ASTRA1.2.0.2
2025-05-14 19:11:58,729 [WARN] PackLoader:240 - Cannot read IP mode file for STMicroelectronics.X-CUBE-SMBUS.2.1.0
2025-05-14 19:11:58,791 [WARN] PackLoader:240 - Cannot read IP mode file for STMicroelectronics.X-CUBE-AZRTOS-F7.1.1.0
2025-05-14 19:11:58,906 [WARN] PackLoader:240 - Cannot read IP mode file for Infineon.AIROC-Wi-Fi-Bluetooth-STM32.1.7.0
2025-05-14 19:11:58,959 [WARN] PackLoader:240 - Cannot read IP mode file for STMicroelectronics.X-CUBE-DISPLAY.3.0.0
2025-05-14 19:11:59,027 [WARN] PackLoader:240 - Cannot read IP mode file for STMicroelectronics.X-CUBE-NFC10.1.0.0
2025-05-14 19:11:59,080 [WARN] PackLoader:240 - Cannot read IP mode file for STMicroelectronics.X-CUBE-BLEMGR.4.0.0
2025-05-14 19:11:59,100 [WARN] PackLoader:240 - Cannot read IP mode file for emotas.I-CUBE-CANOPEN.1.3.0
2025-05-14 19:11:59,113 [WARN] ConditionMgr:438 - getConditionDescription Invalid condition id : Cortex-A Device cause : null
2025-05-14 19:11:59,151 [WARN] ConditionMgr:1044 - genDependencies : Invalid condition id : Cortex-A Device cause : null
2025-05-14 19:11:59,151 [WARN] ConditionMgr:1044 - genDependencies : Invalid condition id : Cortex-A Device cause : null
2025-05-14 19:11:59,151 [WARN] ConditionMgr:1044 - genDependencies : Invalid condition id : Cortex-A Device cause : null
2025-05-14 19:11:59,160 [WARN] PackLoader:240 - Cannot read IP mode file for STMicroelectronics.X-CUBE-AI.10.0.0
2025-05-14 19:11:59,174 [WARN] PackLoader:240 - Cannot read IP mode file for STMicroelectronics.FP-SNS-SMARTAG2.1.2.0
2025-05-14 19:11:59,193 [WARN] PackLoader:240 - Cannot read IP mode file for STMicroelectronics.FP-SNS-FLIGHT1.5.1.0
2025-05-14 19:11:59,221 [INFO] LogOutputStream:77 - [STDOUT_REDIRECT] 1 : Invalid condition id : UX_CORESTACK_Condition cause : null
2025-05-14 19:11:59,224 [INFO] LogOutputStream:77 - [STDOUT_REDIRECT] 1 : Invalid condition id : UX_CORESTACK_Condition cause : null
2025-05-14 19:11:59,225 [INFO] LogOutputStream:77 - [STDOUT_REDIRECT] 1 : Invalid condition id : UX_CORESTACK_Condition cause : null
2025-05-14 19:11:59,225 [INFO] LogOutputStream:77 - [STDOUT_REDIRECT] 1 : Invalid condition id : UX_CORESTACK_Condition cause : null
2025-05-14 19:11:59,226 [INFO] LogOutputStream:77 - [STDOUT_REDIRECT] 1 : Invalid condition id : UX_CORESTACK_Condition cause : null
2025-05-14 19:11:59,235 [WARN] PackLoader:240 - Cannot read IP mode file for STMicroelectronics.X-CUBE-AZRTOS-WL.2.0.0
2025-05-14 19:11:59,255 [WARN] PackLoader:240 - Cannot read IP mode file for STMicroelectronics.FP-SNS-MOTENV1.5.0.0
2025-05-14 19:11:59,275 [WARN] PackLoader:240 - Cannot read IP mode file for WES.I-CUBE-Cesium.1.3.0
2025-05-14 19:11:59,284 [WARN] PackLoader:240 - Cannot read IP mode file for STMicroelectronics.X-CUBE-BLE2.3.3.0
2025-05-14 19:11:59,300 [WARN] PackLoader:240 - Cannot read IP mode file for STMicroelectronics.X-CUBE-NFC9.1.0.0
2025-05-14 19:11:59,311 [WARN] PackLoader:240 - Cannot read IP mode file for STMicroelectronics.X-CUBE-BLE1.7.1.0
2025-05-14 19:11:59,321 [WARN] PackLoader:240 - Cannot read IP mode file for wolfSSL.I-CUBE-wolfMQTT.1.19.2
2025-05-14 19:11:59,461 [WARN] PackLoader:240 - Cannot read IP mode file for STMicroelectronics.X-CUBE-MEMS1.11.2.0
2025-05-14 19:11:59,741 [WARN] PackLoader:240 - Cannot read IP mode file for STMicroelectronics.X-CUBE-AZRTOS-G0.1.1.0
2025-05-14 19:11:59,766 [WARN] PackLoader:240 - Cannot read IP mode file for STMicroelectronics.X-CUBE-SAFEA1.1.2.2
2025-05-14 19:11:59,777 [WARN] PackLoader:240 - Cannot read IP mode file for STMicroelectronics.X-CUBE-NFC4.3.0.0
2025-05-14 19:11:59,796 [WARN] PackLoader:240 - Cannot read IP mode file for EmbeddedOffice.I-CUBE-FS-RTOS.1.0.1
2025-05-14 19:11:59,807 [WARN] PackLoader:240 - Cannot read IP mode file for STMicroelectronics.X-CUBE-WB05N.2.0.0
2025-05-14 19:11:59,822 [WARN] PackLoader:240 - Cannot read IP mode file for wolfSSL.I-CUBE-wolfTPM.3.8.0
2025-05-14 19:11:59,831 [WARN] PackLoader:240 - Cannot read IP mode file for STMicroelectronics.X-CUBE-TCPP.4.2.0
2025-05-14 19:11:59,838 [WARN] PackLoader:240 - Cannot read IP mode file for RealThread.X-CUBE-RT-Thread_Nano.4.1.1
2025-05-14 19:11:59,843 [WARN] PackLoader:240 - Cannot read IP mode file for STMicroelectronics.FP-ATR-SIGFOX1.3.2.0
2025-05-14 19:11:59,849 [WARN] PackLoader:240 - Cannot read IP mode file for STMicroelectronics.X-CUBE-EEPRMA1.5.1.0
2025-05-14 19:11:59,854 [WARN] PackLoader:240 - Cannot read IP mode file for wolfSSL.I-CUBE-wolfSSL.5.7.6
2025-05-14 19:11:59,860 [WARN] PackLoader:240 - Cannot read IP mode file for ITTIA_DB.I-CUBE-ITTIADB.8.9.0
2025-05-14 19:11:59,912 [WARN] PackLoader:240 - Cannot read IP mode file for SEGGER.I-CUBE-embOS.1.3.1
2025-05-14 19:11:59,973 [WARN] PackLoader:240 - Cannot read IP mode file for STMicroelectronics.X-CUBE-ALGOBUILD.1.4.0
2025-05-14 19:12:00,002 [WARN] PackLoader:240 - Cannot read IP mode file for STMicroelectronics.X-CUBE-AZRTOS-F4.1.1.0
2025-05-14 19:12:00,012 [WARN] PackLoader:240 - Cannot read IP mode file for Avnet-IotConnect.X-CUBE-IoTC-DA16k-PMOD.1.0.0
2025-05-14 19:12:00,015 [WARN] PackLoader:240 - Cannot read IP mode file for STMicroelectronics.X-CUBE-ISPU.2.1.0
2025-05-14 19:12:00,045 [WARN] PackLoader:240 - Cannot read IP mode file for STMicroelectronics.X-CUBE-AZRTOS-L5.2.0.0
2025-05-14 19:12:00,069 [WARN] PackLoader:240 - Cannot read IP mode file for STMicroelectronics.X-CUBE-NFC6.3.1.0
2025-05-14 19:12:00,080 [WARN] PackLoader:240 - Cannot read IP mode file for STMicroelectronics.X-CUBE-FREERTOS.1.3.0
2025-05-14 19:12:00,087 [WARN] PackLoader:240 - Cannot read IP mode file for STMicroelectronics.X-CUBE-DPower.1.3.0
2025-05-14 19:12:00,116 [WARN] ConditionMgr:438 - getConditionDescription Invalid condition id : LAN8742 Phy interface Condition cause : null
2025-05-14 19:12:00,118 [WARN] PackLoader:240 - Cannot read IP mode file for STMicroelectronics.X-CUBE-AZRTOS-L4.2.0.0
2025-05-14 19:12:00,121 [WARN] ConditionMgr:1044 - genDependencies : Invalid condition id : LAN8742 Phy interface Condition cause : null
2025-05-14 19:12:00,122 [WARN] ConditionMgr:1044 - genDependencies : Invalid condition id : LAN8742 Phy interface Condition cause : null
2025-05-14 19:12:00,123 [WARN] ConditionMgr:1044 - genDependencies : Invalid condition id : LAN8742 Phy interface Condition cause : null
2025-05-14 19:12:00,133 [WARN] PackLoader:240 - Cannot read IP mode file for STMicroelectronics.X-CUBE-SFXS2LP1.4.0.0
2025-05-14 19:12:00,164 [WARN] PackLoader:240 - Cannot read IP mode file for STMicroelectronics.X-CUBE-AZRTOS-H7.3.3.0
2025-05-14 19:12:00,186 [WARN] ConditionMgr:438 - getConditionDescription Invalid condition id : UX DEVICE CLASS RTOS Condition cause : null
2025-05-14 19:12:00,186 [WARN] ConditionMgr:438 - getConditionDescription Invalid condition id : UX DEVICE CLASS RTOS Condition cause : null
2025-05-14 19:12:00,190 [WARN] PackLoader:240 - Cannot read IP mode file for STMicroelectronics.X-CUBE-AZRTOS-WB.2.0.0
2025-05-14 19:12:00,197 [WARN] ConditionMgr:1044 - genDependencies : Invalid condition id : UX DEVICE CLASS RTOS Condition cause : null
2025-05-14 19:12:00,197 [WARN] ConditionMgr:1044 - genDependencies : Invalid condition id : UX DEVICE CLASS RTOS Condition cause : null
2025-05-14 19:12:00,198 [WARN] ConditionMgr:1044 - genDependencies : Invalid condition id : UX DEVICE CLASS RTOS Condition cause : null
2025-05-14 19:12:00,198 [WARN] ConditionMgr:1044 - genDependencies : Invalid condition id : UX DEVICE CLASS RTOS Condition cause : null
2025-05-14 19:12:00,198 [WARN] ConditionMgr:1044 - genDependencies : Invalid condition id : UX DEVICE CLASS RTOS Condition cause : null
2025-05-14 19:12:00,208 [WARN] PackLoader:240 - Cannot read IP mode file for STMicroelectronics.X-CUBE-GNSS1.7.0.1
2025-05-14 19:12:00,216 [WARN] PackLoader:240 - Cannot read IP mode file for STMicroelectronics.X-CUBE-TOUCHGFX.4.25.0
2025-05-14 19:12:00,233 [WARN] PackLoader:240 - Cannot read IP mode file for STMicroelectronics.FP-SNS-STBOX1.2.0.0
2025-05-14 19:12:00,264 [WARN] PackLoader:240 - Cannot read IP mode file for STMicroelectronics.X-CUBE-SUBG2.5.0.0
2025-05-14 19:12:00,302 [WARN] PackLoader:240 - Cannot read IP mode file for STMicroelectronics.X-CUBE-AZRTOS-H7RS.1.1.0
2025-05-14 19:12:00,312 [WARN] PackLoader:240 - Cannot read IP mode file for Cesanta.I-CUBE-Mongoose.7.13.0
2025-05-14 19:12:00,336 [WARN] PackLoader:240 - Cannot read IP mode file for STMicroelectronics.X-CUBE-AZRTOS-G4.2.0.0
2025-05-14 19:12:00,347 [WARN] PackLoader:240 - Cannot read IP mode file for wolfSSL.I-CUBE-wolfSSH.1.4.20
2025-05-14 19:12:00,355 [WARN] PackLoader:240 - Cannot read IP mode file for STMicroelectronics.X-CUBE-NFC7.2.0.0
2025-05-14 19:12:00,378 [WARN] PackLoader:240 - Cannot read IP mode file for STMicroelectronics.X-CUBE-IPS.3.1.0
2025-05-14 19:12:00,394 [WARN] PackLoader:240 - Cannot read IP mode file for STMicroelectronics.X-CUBE-ALS.1.0.2
2025-05-14 19:12:00,401 [WARN] PackLoader:240 - Cannot read IP mode file for portGmbH.I-Cube-SoM-uGOAL.1.1.0
2025-05-14 19:12:00,421 [WARN] PackLoader:240 - Cannot read IP mode file for STMicroelectronics.X-CUBE-TOF1.3.4.3
2025-05-14 19:12:00,440 [INFO] ThirdParty:978 - Integrity check success = true
2025-05-14 19:12:00,440 [INFO] IntegrityCheckThread:100 - exiting critical section [integrity check]
2025-05-14 19:12:00,440 [INFO] IntegrityCheckThread:103 - End integrity checks thread
2025-05-14 19:12:02,394 [INFO] WebApp:169 - Instantiating new browser for Auth
2025-05-14 19:12:04,602 [INFO] WebApp:463 - Apply proxy settings
2025-05-14 19:12:04,649 [INFO] WebApp:508 - Chromium authenticates against Manually configured proxy
2025-05-14 19:12:04,664 [INFO] WebApp:516 - Username used for proxy authentication: 
2025-05-14 19:12:04,718 [INFO] WebApp:894 - Register for checkConnection events
2025-05-14 19:12:04,719 [INFO] WebApp:463 - Apply proxy settings
2025-05-14 19:12:04,728 [INFO] WebApp:508 - Chromium authenticates against Manually configured proxy
2025-05-14 19:12:04,728 [INFO] WebApp:516 - Username used for proxy authentication: 
2025-05-14 19:12:04,943 [INFO] WebApp:225 - Starting web application
2025-05-14 19:12:04,943 [INFO] WebApp:593 - Web application path used /Applications/STM32CubeIDE.app/Contents/Eclipse/plugins/com.st.stm32cube.common.mx_6.14.1.202504091515/db/plugins/mcufinder/reactClient1/index.html
2025-05-14 19:12:06,321 [INFO] WebApp:191 - Connection restablished
2025-05-14 20:06:06,782 [ERROR] LogOutputStream:75 - [STDERR_REDIRECT] 
